CRITICAL - 2020-11-06 07:49:14 --> Undefined variable: username
#0 C:\xampp\htdocs\e-klipingnew\app\Views\global\topbar.php(20): CodeIgniter\Debug\Exceptions->errorHandler(8, 'Undefined varia...', 'C:\\xampp\\htdocs...', 20, Array)
#1 C:\xampp\htdocs\e-klipingnew\system\View\View.php(246): include('C:\\xampp\\htdocs...')
#2 C:\xampp\htdocs\e-klipingnew\system\Common.php(1119): CodeIgniter\View\View->render('global/topbar', Array, true)
#3 C:\xampp\htdocs\e-klipingnew\app\Controllers\Users.php(18): view('global/topbar', Array)
#4 C:\xampp\htdocs\e-klipingnew\system\CodeIgniter.php(918): App\Controllers\Users->index()
#5 C:\xampp\htdocs\e-klipingnew\system\CodeIgniter.php(404): CodeIgniter\CodeIgniter->runController(Object(App\Controllers\Users))
#6 C:\xampp\htdocs\e-klipingnew\system\CodeIgniter.php(312): CodeIgniter\CodeIgniter->handleRequest(NULL, Object(Config\Cache), false)
#7 C:\xampp\htdocs\e-klipingnew\public\index.php(45): CodeIgniter\CodeIgniter->run()
#8 C:\xampp\htdocs\e-klipingnew\system\Commands\Server\rewrite.php(34): require_once('C:\\xampp\\htdocs...')
#9 {main}
CRITICAL - 2020-11-06 07:51:06 --> Array to string conversion
#0 C:\xampp\htdocs\e-klipingnew\app\Views\global\topbar.php(20): CodeIgniter\Debug\Exceptions->errorHandler(8, 'Array to string...', 'C:\\xampp\\htdocs...', 20, Array)
#1 C:\xampp\htdocs\e-klipingnew\system\View\View.php(246): include('C:\\xampp\\htdocs...')
#2 C:\xampp\htdocs\e-klipingnew\system\Common.php(1119): CodeIgniter\View\View->render('global/topbar', Array, true)
#3 C:\xampp\htdocs\e-klipingnew\app\Controllers\Users.php(18): view('global/topbar', Array)
#4 C:\xampp\htdocs\e-klipingnew\system\CodeIgniter.php(918): App\Controllers\Users->index()
#5 C:\xampp\htdocs\e-klipingnew\system\CodeIgniter.php(404): CodeIgniter\CodeIgniter->runController(Object(App\Controllers\Users))
#6 C:\xampp\htdocs\e-klipingnew\system\CodeIgniter.php(312): CodeIgniter\CodeIgniter->handleRequest(NULL, Object(Config\Cache), false)
#7 C:\xampp\htdocs\e-klipingnew\public\index.php(45): CodeIgniter\CodeIgniter->run()
#8 C:\xampp\htdocs\e-klipingnew\system\Commands\Server\rewrite.php(34): require_once('C:\\xampp\\htdocs...')
#9 {main}
CRITICAL - 2020-11-06 07:54:11 --> Undefined variable: user_name
#0 C:\xampp\htdocs\e-klipingnew\app\Views\global\topbar.php(20): CodeIgniter\Debug\Exceptions->errorHandler(8, 'Undefined varia...', 'C:\\xampp\\htdocs...', 20, Array)
#1 C:\xampp\htdocs\e-klipingnew\system\View\View.php(246): include('C:\\xampp\\htdocs...')
#2 C:\xampp\htdocs\e-klipingnew\system\Common.php(1119): CodeIgniter\View\View->render('global/topbar', Array, true)
#3 C:\xampp\htdocs\e-klipingnew\app\Controllers\Users.php(18): view('global/topbar', Array)
#4 C:\xampp\htdocs\e-klipingnew\system\CodeIgniter.php(918): App\Controllers\Users->index()
#5 C:\xampp\htdocs\e-klipingnew\system\CodeIgniter.php(404): CodeIgniter\CodeIgniter->runController(Object(App\Controllers\Users))
#6 C:\xampp\htdocs\e-klipingnew\system\CodeIgniter.php(312): CodeIgniter\CodeIgniter->handleRequest(NULL, Object(Config\Cache), false)
#7 C:\xampp\htdocs\e-klipingnew\public\index.php(45): CodeIgniter\CodeIgniter->run()
#8 C:\xampp\htdocs\e-klipingnew\system\Commands\Server\rewrite.php(34): require_once('C:\\xampp\\htdocs...')
#9 {main}
CRITICAL - 2020-11-06 07:54:52 --> Array to string conversion
#0 C:\xampp\htdocs\e-klipingnew\app\Views\global\topbar.php(20): CodeIgniter\Debug\Exceptions->errorHandler(8, 'Array to string...', 'C:\\xampp\\htdocs...', 20, Array)
#1 C:\xampp\htdocs\e-klipingnew\system\View\View.php(246): include('C:\\xampp\\htdocs...')
#2 C:\xampp\htdocs\e-klipingnew\system\Common.php(1119): CodeIgniter\View\View->render('global/topbar', Array, true)
#3 C:\xampp\htdocs\e-klipingnew\app\Controllers\Users.php(18): view('global/topbar', Array)
#4 C:\xampp\htdocs\e-klipingnew\system\CodeIgniter.php(918): App\Controllers\Users->index()
#5 C:\xampp\htdocs\e-klipingnew\system\CodeIgniter.php(404): CodeIgniter\CodeIgniter->runController(Object(App\Controllers\Users))
#6 C:\xampp\htdocs\e-klipingnew\system\CodeIgniter.php(312): CodeIgniter\CodeIgniter->handleRequest(NULL, Object(Config\Cache), false)
#7 C:\xampp\htdocs\e-klipingnew\public\index.php(45): CodeIgniter\CodeIgniter->run()
#8 C:\xampp\htdocs\e-klipingnew\system\Commands\Server\rewrite.php(34): require_once('C:\\xampp\\htdocs...')
#9 {main}
CRITICAL - 2020-11-06 07:54:52 --> Array to string conversion
#0 C:\xampp\htdocs\e-klipingnew\app\Views\global\topbar.php(20): CodeIgniter\Debug\Exceptions->errorHandler(8, 'Array to string...', 'C:\\xampp\\htdocs...', 20, Array)
#1 C:\xampp\htdocs\e-klipingnew\system\View\View.php(246): include('C:\\xampp\\htdocs...')
#2 C:\xampp\htdocs\e-klipingnew\system\Common.php(1119): CodeIgniter\View\View->render('global/topbar', Array, true)
#3 C:\xampp\htdocs\e-klipingnew\app\Controllers\Users.php(18): view('global/topbar', Array)
#4 C:\xampp\htdocs\e-klipingnew\system\CodeIgniter.php(918): App\Controllers\Users->index()
#5 C:\xampp\htdocs\e-klipingnew\system\CodeIgniter.php(404): CodeIgniter\CodeIgniter->runController(Object(App\Controllers\Users))
#6 C:\xampp\htdocs\e-klipingnew\system\CodeIgniter.php(312): CodeIgniter\CodeIgniter->handleRequest(NULL, Object(Config\Cache), false)
#7 C:\xampp\htdocs\e-klipingnew\public\index.php(45): CodeIgniter\CodeIgniter->run()
#8 C:\xampp\htdocs\e-klipingnew\system\Commands\Server\rewrite.php(34): require_once('C:\\xampp\\htdocs...')
#9 {main}
CRITICAL - 2020-11-06 07:54:52 --> Array to string conversion
#0 C:\xampp\htdocs\e-klipingnew\app\Views\global\topbar.php(20): CodeIgniter\Debug\Exceptions->errorHandler(8, 'Array to string...', 'C:\\xampp\\htdocs...', 20, Array)
#1 C:\xampp\htdocs\e-klipingnew\system\View\View.php(246): include('C:\\xampp\\htdocs...')
#2 C:\xampp\htdocs\e-klipingnew\system\Common.php(1119): CodeIgniter\View\View->render('global/topbar', Array, true)
#3 C:\xampp\htdocs\e-klipingnew\app\Controllers\Users.php(18): view('global/topbar', Array)
#4 C:\xampp\htdocs\e-klipingnew\system\CodeIgniter.php(918): App\Controllers\Users->index()
#5 C:\xampp\htdocs\e-klipingnew\system\CodeIgniter.php(404): CodeIgniter\CodeIgniter->runController(Object(App\Controllers\Users))
#6 C:\xampp\htdocs\e-klipingnew\system\CodeIgniter.php(312): CodeIgniter\CodeIgniter->handleRequest(NULL, Object(Config\Cache), false)
#7 C:\xampp\htdocs\e-klipingnew\public\index.php(45): CodeIgniter\CodeIgniter->run()
#8 C:\xampp\htdocs\e-klipingnew\system\Commands\Server\rewrite.php(34): require_once('C:\\xampp\\htdocs...')
#9 {main}
CRITICAL - 2020-11-06 07:54:52 --> Array to string conversion
#0 C:\xampp\htdocs\e-klipingnew\app\Views\global\topbar.php(20): CodeIgniter\Debug\Exceptions->errorHandler(8, 'Array to string...', 'C:\\xampp\\htdocs...', 20, Array)
#1 C:\xampp\htdocs\e-klipingnew\system\View\View.php(246): include('C:\\xampp\\htdocs...')
#2 C:\xampp\htdocs\e-klipingnew\system\Common.php(1119): CodeIgniter\View\View->render('global/topbar', Array, true)
#3 C:\xampp\htdocs\e-klipingnew\app\Controllers\Users.php(18): view('global/topbar', Array)
#4 C:\xampp\htdocs\e-klipingnew\system\CodeIgniter.php(918): App\Controllers\Users->index()
#5 C:\xampp\htdocs\e-klipingnew\system\CodeIgniter.php(404): CodeIgniter\CodeIgniter->runController(Object(App\Controllers\Users))
#6 C:\xampp\htdocs\e-klipingnew\system\CodeIgniter.php(312): CodeIgniter\CodeIgniter->handleRequest(NULL, Object(Config\Cache), false)
#7 C:\xampp\htdocs\e-klipingnew\public\index.php(45): CodeIgniter\CodeIgniter->run()
#8 C:\xampp\htdocs\e-klipingnew\system\Commands\Server\rewrite.php(34): require_once('C:\\xampp\\htdocs...')
#9 {main}
CRITICAL - 2020-11-06 07:54:53 --> Array to string conversion
#0 C:\xampp\htdocs\e-klipingnew\app\Views\global\topbar.php(20): CodeIgniter\Debug\Exceptions->errorHandler(8, 'Array to string...', 'C:\\xampp\\htdocs...', 20, Array)
#1 C:\xampp\htdocs\e-klipingnew\system\View\View.php(246): include('C:\\xampp\\htdocs...')
#2 C:\xampp\htdocs\e-klipingnew\system\Common.php(1119): CodeIgniter\View\View->render('global/topbar', Array, true)
#3 C:\xampp\htdocs\e-klipingnew\app\Controllers\Users.php(18): view('global/topbar', Array)
#4 C:\xampp\htdocs\e-klipingnew\system\CodeIgniter.php(918): App\Controllers\Users->index()
#5 C:\xampp\htdocs\e-klipingnew\system\CodeIgniter.php(404): CodeIgniter\CodeIgniter->runController(Object(App\Controllers\Users))
#6 C:\xampp\htdocs\e-klipingnew\system\CodeIgniter.php(312): CodeIgniter\CodeIgniter->handleRequest(NULL, Object(Config\Cache), false)
#7 C:\xampp\htdocs\e-klipingnew\public\index.php(45): CodeIgniter\CodeIgniter->run()
#8 C:\xampp\htdocs\e-klipingnew\system\Commands\Server\rewrite.php(34): require_once('C:\\xampp\\htdocs...')
#9 {main}
CRITICAL - 2020-11-06 07:54:53 --> Array to string conversion
#0 C:\xampp\htdocs\e-klipingnew\app\Views\global\topbar.php(20): CodeIgniter\Debug\Exceptions->errorHandler(8, 'Array to string...', 'C:\\xampp\\htdocs...', 20, Array)
#1 C:\xampp\htdocs\e-klipingnew\system\View\View.php(246): include('C:\\xampp\\htdocs...')
#2 C:\xampp\htdocs\e-klipingnew\system\Common.php(1119): CodeIgniter\View\View->render('global/topbar', Array, true)
#3 C:\xampp\htdocs\e-klipingnew\app\Controllers\Users.php(18): view('global/topbar', Array)
#4 C:\xampp\htdocs\e-klipingnew\system\CodeIgniter.php(918): App\Controllers\Users->index()
#5 C:\xampp\htdocs\e-klipingnew\system\CodeIgniter.php(404): CodeIgniter\CodeIgniter->runController(Object(App\Controllers\Users))
#6 C:\xampp\htdocs\e-klipingnew\system\CodeIgniter.php(312): CodeIgniter\CodeIgniter->handleRequest(NULL, Object(Config\Cache), false)
#7 C:\xampp\htdocs\e-klipingnew\public\index.php(45): CodeIgniter\CodeIgniter->run()
#8 C:\xampp\htdocs\e-klipingnew\system\Commands\Server\rewrite.php(34): require_once('C:\\xampp\\htdocs...')
#9 {main}
CRITICAL - 2020-11-06 07:58:16 --> Undefined variable: user_name
#0 C:\xampp\htdocs\e-klipingnew\app\Views\global\topbar.php(20): CodeIgniter\Debug\Exceptions->errorHandler(8, 'Undefined varia...', 'C:\\xampp\\htdocs...', 20, Array)
#1 C:\xampp\htdocs\e-klipingnew\system\View\View.php(246): include('C:\\xampp\\htdocs...')
#2 C:\xampp\htdocs\e-klipingnew\system\Common.php(1119): CodeIgniter\View\View->render('global/topbar', Array, true)
#3 C:\xampp\htdocs\e-klipingnew\app\Controllers\Users.php(18): view('global/topbar', Array)
#4 C:\xampp\htdocs\e-klipingnew\system\CodeIgniter.php(918): App\Controllers\Users->index()
#5 C:\xampp\htdocs\e-klipingnew\system\CodeIgniter.php(404): CodeIgniter\CodeIgniter->runController(Object(App\Controllers\Users))
#6 C:\xampp\htdocs\e-klipingnew\system\CodeIgniter.php(312): CodeIgniter\CodeIgniter->handleRequest(NULL, Object(Config\Cache), false)
#7 C:\xampp\htdocs\e-klipingnew\public\index.php(45): CodeIgniter\CodeIgniter->run()
#8 C:\xampp\htdocs\e-klipingnew\system\Commands\Server\rewrite.php(34): require_once('C:\\xampp\\htdocs...')
#9 {main}
CRITICAL - 2020-11-06 07:59:39 --> Undefined variable: users_name
#0 C:\xampp\htdocs\e-klipingnew\app\Views\global\topbar.php(20): CodeIgniter\Debug\Exceptions->errorHandler(8, 'Undefined varia...', 'C:\\xampp\\htdocs...', 20, Array)
#1 C:\xampp\htdocs\e-klipingnew\system\View\View.php(246): include('C:\\xampp\\htdocs...')
#2 C:\xampp\htdocs\e-klipingnew\system\Common.php(1119): CodeIgniter\View\View->render('global/topbar', Array, true)
#3 C:\xampp\htdocs\e-klipingnew\app\Controllers\Users.php(18): view('global/topbar', Array)
#4 C:\xampp\htdocs\e-klipingnew\system\CodeIgniter.php(918): App\Controllers\Users->index()
#5 C:\xampp\htdocs\e-klipingnew\system\CodeIgniter.php(404): CodeIgniter\CodeIgniter->runController(Object(App\Controllers\Users))
#6 C:\xampp\htdocs\e-klipingnew\system\CodeIgniter.php(312): CodeIgniter\CodeIgniter->handleRequest(NULL, Object(Config\Cache), false)
#7 C:\xampp\htdocs\e-klipingnew\public\index.php(45): CodeIgniter\CodeIgniter->run()
#8 C:\xampp\htdocs\e-klipingnew\system\Commands\Server\rewrite.php(34): require_once('C:\\xampp\\htdocs...')
#9 {main}
