CRITICAL - 2020-11-09 21:15:56 --> Use of undefined constant dashboard - assumed 'dashboard' (this will throw an Error in a future version of PHP)
#0 C:\xampp\htdocs\e-klipingnew\app\Views\global\sidebar.php(18): CodeIgniter\Debug\Exceptions->errorHandler(2, 'Use of undefine...', 'C:\\xampp\\htdocs...', 18, Array)
#1 C:\xampp\htdocs\e-klipingnew\system\View\View.php(246): include('C:\\xampp\\htdocs...')
#2 C:\xampp\htdocs\e-klipingnew\system\Common.php(1119): CodeIgniter\View\View->render('global/sidebar', Array, true)
#3 C:\xampp\htdocs\e-klipingnew\app\Controllers\Dashboard.php(20): view('global/sidebar')
#4 C:\xampp\htdocs\e-klipingnew\system\CodeIgniter.php(918): App\Controllers\Dashboard->index()
#5 C:\xampp\htdocs\e-klipingnew\system\CodeIgniter.php(404): CodeIgniter\CodeIgniter->runController(Object(App\Controllers\Dashboard))
#6 C:\xampp\htdocs\e-klipingnew\system\CodeIgniter.php(312): CodeIgniter\CodeIgniter->handleRequest(NULL, Object(Config\Cache), false)
#7 C:\xampp\htdocs\e-klipingnew\public\index.php(45): CodeIgniter\CodeIgniter->run()
#8 C:\xampp\htdocs\e-klipingnew\system\Commands\Server\rewrite.php(34): require_once('C:\\xampp\\htdocs...')
#9 {main}
CRITICAL - 2020-11-09 21:18:34 --> Invalid file: home/dashboard.php
#0 C:\xampp\htdocs\e-klipingnew\system\View\View.php(228): CodeIgniter\Exceptions\FrameworkException::forInvalidFile('home/dashboard....')
#1 C:\xampp\htdocs\e-klipingnew\system\Common.php(1119): CodeIgniter\View\View->render('home/dashboard', Array, true)
#2 C:\xampp\htdocs\e-klipingnew\app\Controllers\Dashboard.php(22): view('home/dashboard')
#3 C:\xampp\htdocs\e-klipingnew\system\CodeIgniter.php(918): App\Controllers\Dashboard->index()
#4 C:\xampp\htdocs\e-klipingnew\system\CodeIgniter.php(404): CodeIgniter\CodeIgniter->runController(Object(App\Controllers\Dashboard))
#5 C:\xampp\htdocs\e-klipingnew\system\CodeIgniter.php(312): CodeIgniter\CodeIgniter->handleRequest(NULL, Object(Config\Cache), false)
#6 C:\xampp\htdocs\e-klipingnew\public\index.php(45): CodeIgniter\CodeIgniter->run()
#7 C:\xampp\htdocs\e-klipingnew\system\Commands\Server\rewrite.php(34): require_once('C:\\xampp\\htdocs...')
#8 {main}
CRITICAL - 2020-11-09 21:32:14 --> syntax error, unexpected ''/login);' (T_ENCAPSED_AND_WHITESPACE)
#0 C:\xampp\htdocs\e-klipingnew\system\Router\Router.php(195): CodeIgniter\Router\Router->autoRoute('users')
#1 C:\xampp\htdocs\e-klipingnew\system\CodeIgniter.php(793): CodeIgniter\Router\Router->handle('users')
#2 C:\xampp\htdocs\e-klipingnew\system\CodeIgniter.php(364): CodeIgniter\CodeIgniter->tryToRouteIt(Object(CodeIgniter\Router\RouteCollection))
#3 C:\xampp\htdocs\e-klipingnew\system\CodeIgniter.php(312): CodeIgniter\CodeIgniter->handleRequest(NULL, Object(Config\Cache), false)
#4 C:\xampp\htdocs\e-klipingnew\public\index.php(45): CodeIgniter\CodeIgniter->run()
#5 C:\xampp\htdocs\e-klipingnew\system\Commands\Server\rewrite.php(34): require_once('C:\\xampp\\htdocs...')
#6 {main}
CRITICAL - 2020-11-09 21:33:27 --> syntax error, unexpected ''/login);' (T_ENCAPSED_AND_WHITESPACE)
#0 C:\xampp\htdocs\e-klipingnew\system\Router\Router.php(195): CodeIgniter\Router\Router->autoRoute('users')
#1 C:\xampp\htdocs\e-klipingnew\system\CodeIgniter.php(793): CodeIgniter\Router\Router->handle('users')
#2 C:\xampp\htdocs\e-klipingnew\system\CodeIgniter.php(364): CodeIgniter\CodeIgniter->tryToRouteIt(Object(CodeIgniter\Router\RouteCollection))
#3 C:\xampp\htdocs\e-klipingnew\system\CodeIgniter.php(312): CodeIgniter\CodeIgniter->handleRequest(NULL, Object(Config\Cache), false)
#4 C:\xampp\htdocs\e-klipingnew\public\index.php(45): CodeIgniter\CodeIgniter->run()
#5 C:\xampp\htdocs\e-klipingnew\system\Commands\Server\rewrite.php(34): require_once('C:\\xampp\\htdocs...')
#6 {main}
