CRITICAL - 2020-11-04 00:43:44 --> Unable to connect to the database.
#0 C:\xampp\htdocs\e-klipingnew\system\Database\BaseConnection.php(646): CodeIgniter\Database\BaseConnection->initialize()
#1 C:\xampp\htdocs\e-klipingnew\system\Database\BaseBuilder.php(1860): CodeIgniter\Database\BaseConnection->query('SELECT *\nFROM `...', Array, false)
#2 C:\xampp\htdocs\e-klipingnew\system\Model.php(462): CodeIgniter\Database\BaseBuilder->get()
#3 C:\xampp\htdocs\e-klipingnew\app\Models\BeritaModel.php(10): CodeIgniter\Model->findAll()
#4 C:\xampp\htdocs\e-klipingnew\app\Controllers\Berita.php(15): App\Models\BeritaModel->getBerita()
#5 C:\xampp\htdocs\e-klipingnew\system\CodeIgniter.php(918): App\Controllers\Berita->index()
#6 C:\xampp\htdocs\e-klipingnew\system\CodeIgniter.php(404): CodeIgniter\CodeIgniter->runController(Object(App\Controllers\Berita))
#7 C:\xampp\htdocs\e-klipingnew\system\CodeIgniter.php(312): CodeIgniter\CodeIgniter->handleRequest(NULL, Object(Config\Cache), false)
#8 C:\xampp\htdocs\e-klipingnew\public\index.php(45): CodeIgniter\CodeIgniter->run()
#9 C:\xampp\htdocs\e-klipingnew\system\Commands\Server\rewrite.php(34): require_once('C:\\xampp\\htdocs...')
#10 {main}
CRITICAL - 2020-11-04 19:09:58 --> Undefined index: waktu
#0 C:\xampp\htdocs\e-klipingnew\app\Views\v_beritalist2.php(186): CodeIgniter\Debug\Exceptions->errorHandler(8, 'Undefined index...', 'C:\\xampp\\htdocs...', 186, Array)
#1 C:\xampp\htdocs\e-klipingnew\system\View\View.php(246): include('C:\\xampp\\htdocs...')
#2 C:\xampp\htdocs\e-klipingnew\system\Common.php(1119): CodeIgniter\View\View->render('v_beritalist2', Array, true)
#3 C:\xampp\htdocs\e-klipingnew\app\Controllers\Berita.php(16): view('v_beritalist2', Array)
#4 C:\xampp\htdocs\e-klipingnew\system\CodeIgniter.php(918): App\Controllers\Berita->index()
#5 C:\xampp\htdocs\e-klipingnew\system\CodeIgniter.php(404): CodeIgniter\CodeIgniter->runController(Object(App\Controllers\Berita))
#6 C:\xampp\htdocs\e-klipingnew\system\CodeIgniter.php(312): CodeIgniter\CodeIgniter->handleRequest(NULL, Object(Config\Cache), false)
#7 C:\xampp\htdocs\e-klipingnew\public\index.php(45): CodeIgniter\CodeIgniter->run()
#8 C:\xampp\htdocs\e-klipingnew\system\Commands\Server\rewrite.php(34): require_once('C:\\xampp\\htdocs...')
#9 {main}
CRITICAL - 2020-11-04 19:11:32 --> Undefined index: tanggal_waktu
#0 C:\xampp\htdocs\e-klipingnew\app\Views\v_beritalist2.php(185): CodeIgniter\Debug\Exceptions->errorHandler(8, 'Undefined index...', 'C:\\xampp\\htdocs...', 185, Array)
#1 C:\xampp\htdocs\e-klipingnew\system\View\View.php(246): include('C:\\xampp\\htdocs...')
#2 C:\xampp\htdocs\e-klipingnew\system\Common.php(1119): CodeIgniter\View\View->render('v_beritalist2', Array, true)
#3 C:\xampp\htdocs\e-klipingnew\app\Controllers\Berita.php(16): view('v_beritalist2', Array)
#4 C:\xampp\htdocs\e-klipingnew\system\CodeIgniter.php(918): App\Controllers\Berita->index()
#5 C:\xampp\htdocs\e-klipingnew\system\CodeIgniter.php(404): CodeIgniter\CodeIgniter->runController(Object(App\Controllers\Berita))
#6 C:\xampp\htdocs\e-klipingnew\system\CodeIgniter.php(312): CodeIgniter\CodeIgniter->handleRequest(NULL, Object(Config\Cache), false)
#7 C:\xampp\htdocs\e-klipingnew\public\index.php(45): CodeIgniter\CodeIgniter->run()
#8 C:\xampp\htdocs\e-klipingnew\system\Commands\Server\rewrite.php(34): require_once('C:\\xampp\\htdocs...')
#9 {main}
CRITICAL - 2020-11-04 19:12:29 --> Undefined index: waktu
#0 C:\xampp\htdocs\e-klipingnew\app\Views\v_beritalist2.php(187): CodeIgniter\Debug\Exceptions->errorHandler(8, 'Undefined index...', 'C:\\xampp\\htdocs...', 187, Array)
#1 C:\xampp\htdocs\e-klipingnew\system\View\View.php(246): include('C:\\xampp\\htdocs...')
#2 C:\xampp\htdocs\e-klipingnew\system\Common.php(1119): CodeIgniter\View\View->render('v_beritalist2', Array, true)
#3 C:\xampp\htdocs\e-klipingnew\app\Controllers\Berita.php(16): view('v_beritalist2', Array)
#4 C:\xampp\htdocs\e-klipingnew\system\CodeIgniter.php(918): App\Controllers\Berita->index()
#5 C:\xampp\htdocs\e-klipingnew\system\CodeIgniter.php(404): CodeIgniter\CodeIgniter->runController(Object(App\Controllers\Berita))
#6 C:\xampp\htdocs\e-klipingnew\system\CodeIgniter.php(312): CodeIgniter\CodeIgniter->handleRequest(NULL, Object(Config\Cache), false)
#7 C:\xampp\htdocs\e-klipingnew\public\index.php(45): CodeIgniter\CodeIgniter->run()
#8 C:\xampp\htdocs\e-klipingnew\system\Commands\Server\rewrite.php(34): require_once('C:\\xampp\\htdocs...')
#9 {main}
CRITICAL - 2020-11-04 19:13:15 --> Undefined index: waktu
#0 C:\xampp\htdocs\e-klipingnew\app\Views\v_beritalist2.php(187): CodeIgniter\Debug\Exceptions->errorHandler(8, 'Undefined index...', 'C:\\xampp\\htdocs...', 187, Array)
#1 C:\xampp\htdocs\e-klipingnew\system\View\View.php(246): include('C:\\xampp\\htdocs...')
#2 C:\xampp\htdocs\e-klipingnew\system\Common.php(1119): CodeIgniter\View\View->render('v_beritalist2', Array, true)
#3 C:\xampp\htdocs\e-klipingnew\app\Controllers\Berita.php(16): view('v_beritalist2', Array)
#4 C:\xampp\htdocs\e-klipingnew\system\CodeIgniter.php(918): App\Controllers\Berita->index()
#5 C:\xampp\htdocs\e-klipingnew\system\CodeIgniter.php(404): CodeIgniter\CodeIgniter->runController(Object(App\Controllers\Berita))
#6 C:\xampp\htdocs\e-klipingnew\system\CodeIgniter.php(312): CodeIgniter\CodeIgniter->handleRequest(NULL, Object(Config\Cache), false)
#7 C:\xampp\htdocs\e-klipingnew\public\index.php(45): CodeIgniter\CodeIgniter->run()
#8 C:\xampp\htdocs\e-klipingnew\system\Commands\Server\rewrite.php(34): require_once('C:\\xampp\\htdocs...')
#9 {main}
CRITICAL - 2020-11-04 19:15:08 --> Undefined index: waktu
#0 C:\xampp\htdocs\e-klipingnew\app\Views\v_beritalist2.php(187): CodeIgniter\Debug\Exceptions->errorHandler(8, 'Undefined index...', 'C:\\xampp\\htdocs...', 187, Array)
#1 C:\xampp\htdocs\e-klipingnew\system\View\View.php(246): include('C:\\xampp\\htdocs...')
#2 C:\xampp\htdocs\e-klipingnew\system\Common.php(1119): CodeIgniter\View\View->render('v_beritalist2', Array, true)
#3 C:\xampp\htdocs\e-klipingnew\app\Controllers\Berita.php(16): view('v_beritalist2', Array)
#4 C:\xampp\htdocs\e-klipingnew\system\CodeIgniter.php(918): App\Controllers\Berita->index()
#5 C:\xampp\htdocs\e-klipingnew\system\CodeIgniter.php(404): CodeIgniter\CodeIgniter->runController(Object(App\Controllers\Berita))
#6 C:\xampp\htdocs\e-klipingnew\system\CodeIgniter.php(312): CodeIgniter\CodeIgniter->handleRequest(NULL, Object(Config\Cache), false)
#7 C:\xampp\htdocs\e-klipingnew\public\index.php(45): CodeIgniter\CodeIgniter->run()
#8 C:\xampp\htdocs\e-klipingnew\system\Commands\Server\rewrite.php(34): require_once('C:\\xampp\\htdocs...')
#9 {main}
CRITICAL - 2020-11-04 20:28:49 --> Undefined variable: u
#0 C:\xampp\htdocs\e-klipingnew\app\Views\templateuser\v_content.php(70): CodeIgniter\Debug\Exceptions->errorHandler(8, 'Undefined varia...', 'C:\\xampp\\htdocs...', 70, Array)
#1 C:\xampp\htdocs\e-klipingnew\system\View\View.php(246): include('C:\\xampp\\htdocs...')
#2 C:\xampp\htdocs\e-klipingnew\system\Common.php(1119): CodeIgniter\View\View->render('templateuser/v_...', Array, true)
#3 C:\xampp\htdocs\e-klipingnew\app\Views\templateuser\v_wrapper.php(4): view('templateuser/v_...')
#4 C:\xampp\htdocs\e-klipingnew\system\View\View.php(246): include('C:\\xampp\\htdocs...')
#5 C:\xampp\htdocs\e-klipingnew\system\Common.php(1119): CodeIgniter\View\View->render('templateuser/v_...', Array, true)
#6 C:\xampp\htdocs\e-klipingnew\app\Controllers\Home.php(26): view('templateuser/v_...', Array)
#7 C:\xampp\htdocs\e-klipingnew\system\CodeIgniter.php(918): App\Controllers\Home->index()
#8 C:\xampp\htdocs\e-klipingnew\system\CodeIgniter.php(404): CodeIgniter\CodeIgniter->runController(Object(App\Controllers\Home))
#9 C:\xampp\htdocs\e-klipingnew\system\CodeIgniter.php(312): CodeIgniter\CodeIgniter->handleRequest(NULL, Object(Config\Cache), false)
#10 C:\xampp\htdocs\e-klipingnew\public\index.php(45): CodeIgniter\CodeIgniter->run()
#11 C:\xampp\htdocs\e-klipingnew\system\Commands\Server\rewrite.php(34): require_once('C:\\xampp\\htdocs...')
#12 {main}
CRITICAL - 2020-11-04 20:33:11 --> Undefined variable: u
#0 C:\xampp\htdocs\e-klipingnew\app\Views\templateuser\v_content.php(77): CodeIgniter\Debug\Exceptions->errorHandler(8, 'Undefined varia...', 'C:\\xampp\\htdocs...', 77, Array)
#1 C:\xampp\htdocs\e-klipingnew\system\View\View.php(246): include('C:\\xampp\\htdocs...')
#2 C:\xampp\htdocs\e-klipingnew\system\Common.php(1119): CodeIgniter\View\View->render('templateuser/v_...', Array, true)
#3 C:\xampp\htdocs\e-klipingnew\app\Views\templateuser\v_wrapper.php(4): view('templateuser/v_...')
#4 C:\xampp\htdocs\e-klipingnew\system\View\View.php(246): include('C:\\xampp\\htdocs...')
#5 C:\xampp\htdocs\e-klipingnew\system\Common.php(1119): CodeIgniter\View\View->render('templateuser/v_...', Array, true)
#6 C:\xampp\htdocs\e-klipingnew\app\Controllers\Home.php(26): view('templateuser/v_...', Array)
#7 C:\xampp\htdocs\e-klipingnew\system\CodeIgniter.php(918): App\Controllers\Home->index()
#8 C:\xampp\htdocs\e-klipingnew\system\CodeIgniter.php(404): CodeIgniter\CodeIgniter->runController(Object(App\Controllers\Home))
#9 C:\xampp\htdocs\e-klipingnew\system\CodeIgniter.php(312): CodeIgniter\CodeIgniter->handleRequest(NULL, Object(Config\Cache), false)
#10 C:\xampp\htdocs\e-klipingnew\public\index.php(45): CodeIgniter\CodeIgniter->run()
#11 C:\xampp\htdocs\e-klipingnew\system\Commands\Server\rewrite.php(34): require_once('C:\\xampp\\htdocs...')
#12 {main}
