CRITICAL - 2020-11-05 01:27:31 --> Class 'App\Models\NewsModel' not found
#0 C:\xampp\htdocs\e-klipingnew\system\CodeIgniter.php(918): App\Controllers\Profile->index()
#1 C:\xampp\htdocs\e-klipingnew\system\CodeIgniter.php(404): CodeIgniter\CodeIgniter->runController(Object(App\Controllers\Profile))
#2 C:\xampp\htdocs\e-klipingnew\system\CodeIgniter.php(312): CodeIgniter\CodeIgniter->handleRequest(NULL, Object(Config\Cache), false)
#3 C:\xampp\htdocs\e-klipingnew\public\index.php(45): CodeIgniter\CodeIgniter->run()
#4 C:\xampp\htdocs\e-klipingnew\system\Commands\Server\rewrite.php(34): require_once('C:\\xampp\\htdocs...')
#5 {main}
CRITICAL - 2020-11-05 01:36:11 --> Trying to get property 'user_password' of non-object
#0 C:\xampp\htdocs\e-klipingnew\app\Controllers\Profile.php(30): CodeIgniter\Debug\Exceptions->errorHandler(8, 'Trying to get p...', 'C:\\xampp\\htdocs...', 30, Array)
#1 C:\xampp\htdocs\e-klipingnew\system\CodeIgniter.php(918): App\Controllers\Profile->index()
#2 C:\xampp\htdocs\e-klipingnew\system\CodeIgniter.php(404): CodeIgniter\CodeIgniter->runController(Object(App\Controllers\Profile))
#3 C:\xampp\htdocs\e-klipingnew\system\CodeIgniter.php(312): CodeIgniter\CodeIgniter->handleRequest(NULL, Object(Config\Cache), false)
#4 C:\xampp\htdocs\e-klipingnew\public\index.php(45): CodeIgniter\CodeIgniter->run()
#5 C:\xampp\htdocs\e-klipingnew\system\Commands\Server\rewrite.php(34): require_once('C:\\xampp\\htdocs...')
#6 {main}
CRITICAL - 2020-11-05 01:40:55 --> Trying to get property 'user_password' of non-object
#0 C:\xampp\htdocs\e-klipingnew\app\Controllers\Profile.php(30): CodeIgniter\Debug\Exceptions->errorHandler(8, 'Trying to get p...', 'C:\\xampp\\htdocs...', 30, Array)
#1 C:\xampp\htdocs\e-klipingnew\system\CodeIgniter.php(918): App\Controllers\Profile->index()
#2 C:\xampp\htdocs\e-klipingnew\system\CodeIgniter.php(404): CodeIgniter\CodeIgniter->runController(Object(App\Controllers\Profile))
#3 C:\xampp\htdocs\e-klipingnew\system\CodeIgniter.php(312): CodeIgniter\CodeIgniter->handleRequest(NULL, Object(Config\Cache), false)
#4 C:\xampp\htdocs\e-klipingnew\public\index.php(45): CodeIgniter\CodeIgniter->run()
#5 C:\xampp\htdocs\e-klipingnew\system\Commands\Server\rewrite.php(34): require_once('C:\\xampp\\htdocs...')
#6 {main}
CRITICAL - 2020-11-05 01:43:08 --> Trying to get property 'user_password' of non-object
#0 C:\xampp\htdocs\e-klipingnew\app\Controllers\Profile.php(30): CodeIgniter\Debug\Exceptions->errorHandler(8, 'Trying to get p...', 'C:\\xampp\\htdocs...', 30, Array)
#1 C:\xampp\htdocs\e-klipingnew\system\CodeIgniter.php(918): App\Controllers\Profile->index()
#2 C:\xampp\htdocs\e-klipingnew\system\CodeIgniter.php(404): CodeIgniter\CodeIgniter->runController(Object(App\Controllers\Profile))
#3 C:\xampp\htdocs\e-klipingnew\system\CodeIgniter.php(312): CodeIgniter\CodeIgniter->handleRequest(NULL, Object(Config\Cache), false)
#4 C:\xampp\htdocs\e-klipingnew\public\index.php(45): CodeIgniter\CodeIgniter->run()
#5 C:\xampp\htdocs\e-klipingnew\system\Commands\Server\rewrite.php(34): require_once('C:\\xampp\\htdocs...')
#6 {main}
CRITICAL - 2020-11-05 01:43:09 --> Trying to get property 'user_password' of non-object
#0 C:\xampp\htdocs\e-klipingnew\app\Controllers\Profile.php(30): CodeIgniter\Debug\Exceptions->errorHandler(8, 'Trying to get p...', 'C:\\xampp\\htdocs...', 30, Array)
#1 C:\xampp\htdocs\e-klipingnew\system\CodeIgniter.php(918): App\Controllers\Profile->index()
#2 C:\xampp\htdocs\e-klipingnew\system\CodeIgniter.php(404): CodeIgniter\CodeIgniter->runController(Object(App\Controllers\Profile))
#3 C:\xampp\htdocs\e-klipingnew\system\CodeIgniter.php(312): CodeIgniter\CodeIgniter->handleRequest(NULL, Object(Config\Cache), false)
#4 C:\xampp\htdocs\e-klipingnew\public\index.php(45): CodeIgniter\CodeIgniter->run()
#5 C:\xampp\htdocs\e-klipingnew\system\Commands\Server\rewrite.php(34): require_once('C:\\xampp\\htdocs...')
#6 {main}
CRITICAL - 2020-11-05 01:43:09 --> Trying to get property 'user_password' of non-object
#0 C:\xampp\htdocs\e-klipingnew\app\Controllers\Profile.php(30): CodeIgniter\Debug\Exceptions->errorHandler(8, 'Trying to get p...', 'C:\\xampp\\htdocs...', 30, Array)
#1 C:\xampp\htdocs\e-klipingnew\system\CodeIgniter.php(918): App\Controllers\Profile->index()
#2 C:\xampp\htdocs\e-klipingnew\system\CodeIgniter.php(404): CodeIgniter\CodeIgniter->runController(Object(App\Controllers\Profile))
#3 C:\xampp\htdocs\e-klipingnew\system\CodeIgniter.php(312): CodeIgniter\CodeIgniter->handleRequest(NULL, Object(Config\Cache), false)
#4 C:\xampp\htdocs\e-klipingnew\public\index.php(45): CodeIgniter\CodeIgniter->run()
#5 C:\xampp\htdocs\e-klipingnew\system\Commands\Server\rewrite.php(34): require_once('C:\\xampp\\htdocs...')
#6 {main}
CRITICAL - 2020-11-05 01:43:09 --> Trying to get property 'user_password' of non-object
#0 C:\xampp\htdocs\e-klipingnew\app\Controllers\Profile.php(30): CodeIgniter\Debug\Exceptions->errorHandler(8, 'Trying to get p...', 'C:\\xampp\\htdocs...', 30, Array)
#1 C:\xampp\htdocs\e-klipingnew\system\CodeIgniter.php(918): App\Controllers\Profile->index()
#2 C:\xampp\htdocs\e-klipingnew\system\CodeIgniter.php(404): CodeIgniter\CodeIgniter->runController(Object(App\Controllers\Profile))
#3 C:\xampp\htdocs\e-klipingnew\system\CodeIgniter.php(312): CodeIgniter\CodeIgniter->handleRequest(NULL, Object(Config\Cache), false)
#4 C:\xampp\htdocs\e-klipingnew\public\index.php(45): CodeIgniter\CodeIgniter->run()
#5 C:\xampp\htdocs\e-klipingnew\system\Commands\Server\rewrite.php(34): require_once('C:\\xampp\\htdocs...')
#6 {main}
CRITICAL - 2020-11-05 01:43:09 --> Trying to get property 'user_password' of non-object
#0 C:\xampp\htdocs\e-klipingnew\app\Controllers\Profile.php(30): CodeIgniter\Debug\Exceptions->errorHandler(8, 'Trying to get p...', 'C:\\xampp\\htdocs...', 30, Array)
#1 C:\xampp\htdocs\e-klipingnew\system\CodeIgniter.php(918): App\Controllers\Profile->index()
#2 C:\xampp\htdocs\e-klipingnew\system\CodeIgniter.php(404): CodeIgniter\CodeIgniter->runController(Object(App\Controllers\Profile))
#3 C:\xampp\htdocs\e-klipingnew\system\CodeIgniter.php(312): CodeIgniter\CodeIgniter->handleRequest(NULL, Object(Config\Cache), false)
#4 C:\xampp\htdocs\e-klipingnew\public\index.php(45): CodeIgniter\CodeIgniter->run()
#5 C:\xampp\htdocs\e-klipingnew\system\Commands\Server\rewrite.php(34): require_once('C:\\xampp\\htdocs...')
#6 {main}
CRITICAL - 2020-11-05 01:43:10 --> Trying to get property 'user_password' of non-object
#0 C:\xampp\htdocs\e-klipingnew\app\Controllers\Profile.php(30): CodeIgniter\Debug\Exceptions->errorHandler(8, 'Trying to get p...', 'C:\\xampp\\htdocs...', 30, Array)
#1 C:\xampp\htdocs\e-klipingnew\system\CodeIgniter.php(918): App\Controllers\Profile->index()
#2 C:\xampp\htdocs\e-klipingnew\system\CodeIgniter.php(404): CodeIgniter\CodeIgniter->runController(Object(App\Controllers\Profile))
#3 C:\xampp\htdocs\e-klipingnew\system\CodeIgniter.php(312): CodeIgniter\CodeIgniter->handleRequest(NULL, Object(Config\Cache), false)
#4 C:\xampp\htdocs\e-klipingnew\public\index.php(45): CodeIgniter\CodeIgniter->run()
#5 C:\xampp\htdocs\e-klipingnew\system\Commands\Server\rewrite.php(34): require_once('C:\\xampp\\htdocs...')
#6 {main}
CRITICAL - 2020-11-05 01:43:10 --> Trying to get property 'user_password' of non-object
#0 C:\xampp\htdocs\e-klipingnew\app\Controllers\Profile.php(30): CodeIgniter\Debug\Exceptions->errorHandler(8, 'Trying to get p...', 'C:\\xampp\\htdocs...', 30, Array)
#1 C:\xampp\htdocs\e-klipingnew\system\CodeIgniter.php(918): App\Controllers\Profile->index()
#2 C:\xampp\htdocs\e-klipingnew\system\CodeIgniter.php(404): CodeIgniter\CodeIgniter->runController(Object(App\Controllers\Profile))
#3 C:\xampp\htdocs\e-klipingnew\system\CodeIgniter.php(312): CodeIgniter\CodeIgniter->handleRequest(NULL, Object(Config\Cache), false)
#4 C:\xampp\htdocs\e-klipingnew\public\index.php(45): CodeIgniter\CodeIgniter->run()
#5 C:\xampp\htdocs\e-klipingnew\system\Commands\Server\rewrite.php(34): require_once('C:\\xampp\\htdocs...')
#6 {main}
CRITICAL - 2020-11-05 01:43:10 --> Trying to get property 'user_password' of non-object
#0 C:\xampp\htdocs\e-klipingnew\app\Controllers\Profile.php(30): CodeIgniter\Debug\Exceptions->errorHandler(8, 'Trying to get p...', 'C:\\xampp\\htdocs...', 30, Array)
#1 C:\xampp\htdocs\e-klipingnew\system\CodeIgniter.php(918): App\Controllers\Profile->index()
#2 C:\xampp\htdocs\e-klipingnew\system\CodeIgniter.php(404): CodeIgniter\CodeIgniter->runController(Object(App\Controllers\Profile))
#3 C:\xampp\htdocs\e-klipingnew\system\CodeIgniter.php(312): CodeIgniter\CodeIgniter->handleRequest(NULL, Object(Config\Cache), false)
#4 C:\xampp\htdocs\e-klipingnew\public\index.php(45): CodeIgniter\CodeIgniter->run()
#5 C:\xampp\htdocs\e-klipingnew\system\Commands\Server\rewrite.php(34): require_once('C:\\xampp\\htdocs...')
#6 {main}
CRITICAL - 2020-11-05 01:43:10 --> Trying to get property 'user_password' of non-object
#0 C:\xampp\htdocs\e-klipingnew\app\Controllers\Profile.php(30): CodeIgniter\Debug\Exceptions->errorHandler(8, 'Trying to get p...', 'C:\\xampp\\htdocs...', 30, Array)
#1 C:\xampp\htdocs\e-klipingnew\system\CodeIgniter.php(918): App\Controllers\Profile->index()
#2 C:\xampp\htdocs\e-klipingnew\system\CodeIgniter.php(404): CodeIgniter\CodeIgniter->runController(Object(App\Controllers\Profile))
#3 C:\xampp\htdocs\e-klipingnew\system\CodeIgniter.php(312): CodeIgniter\CodeIgniter->handleRequest(NULL, Object(Config\Cache), false)
#4 C:\xampp\htdocs\e-klipingnew\public\index.php(45): CodeIgniter\CodeIgniter->run()
#5 C:\xampp\htdocs\e-klipingnew\system\Commands\Server\rewrite.php(34): require_once('C:\\xampp\\htdocs...')
#6 {main}
CRITICAL - 2020-11-05 01:43:10 --> Trying to get property 'user_password' of non-object
#0 C:\xampp\htdocs\e-klipingnew\app\Controllers\Profile.php(30): CodeIgniter\Debug\Exceptions->errorHandler(8, 'Trying to get p...', 'C:\\xampp\\htdocs...', 30, Array)
#1 C:\xampp\htdocs\e-klipingnew\system\CodeIgniter.php(918): App\Controllers\Profile->index()
#2 C:\xampp\htdocs\e-klipingnew\system\CodeIgniter.php(404): CodeIgniter\CodeIgniter->runController(Object(App\Controllers\Profile))
#3 C:\xampp\htdocs\e-klipingnew\system\CodeIgniter.php(312): CodeIgniter\CodeIgniter->handleRequest(NULL, Object(Config\Cache), false)
#4 C:\xampp\htdocs\e-klipingnew\public\index.php(45): CodeIgniter\CodeIgniter->run()
#5 C:\xampp\htdocs\e-klipingnew\system\Commands\Server\rewrite.php(34): require_once('C:\\xampp\\htdocs...')
#6 {main}
CRITICAL - 2020-11-05 01:43:11 --> Trying to get property 'user_password' of non-object
#0 C:\xampp\htdocs\e-klipingnew\app\Controllers\Profile.php(30): CodeIgniter\Debug\Exceptions->errorHandler(8, 'Trying to get p...', 'C:\\xampp\\htdocs...', 30, Array)
#1 C:\xampp\htdocs\e-klipingnew\system\CodeIgniter.php(918): App\Controllers\Profile->index()
#2 C:\xampp\htdocs\e-klipingnew\system\CodeIgniter.php(404): CodeIgniter\CodeIgniter->runController(Object(App\Controllers\Profile))
#3 C:\xampp\htdocs\e-klipingnew\system\CodeIgniter.php(312): CodeIgniter\CodeIgniter->handleRequest(NULL, Object(Config\Cache), false)
#4 C:\xampp\htdocs\e-klipingnew\public\index.php(45): CodeIgniter\CodeIgniter->run()
#5 C:\xampp\htdocs\e-klipingnew\system\Commands\Server\rewrite.php(34): require_once('C:\\xampp\\htdocs...')
#6 {main}
CRITICAL - 2020-11-05 01:43:11 --> Trying to get property 'user_password' of non-object
#0 C:\xampp\htdocs\e-klipingnew\app\Controllers\Profile.php(30): CodeIgniter\Debug\Exceptions->errorHandler(8, 'Trying to get p...', 'C:\\xampp\\htdocs...', 30, Array)
#1 C:\xampp\htdocs\e-klipingnew\system\CodeIgniter.php(918): App\Controllers\Profile->index()
#2 C:\xampp\htdocs\e-klipingnew\system\CodeIgniter.php(404): CodeIgniter\CodeIgniter->runController(Object(App\Controllers\Profile))
#3 C:\xampp\htdocs\e-klipingnew\system\CodeIgniter.php(312): CodeIgniter\CodeIgniter->handleRequest(NULL, Object(Config\Cache), false)
#4 C:\xampp\htdocs\e-klipingnew\public\index.php(45): CodeIgniter\CodeIgniter->run()
#5 C:\xampp\htdocs\e-klipingnew\system\Commands\Server\rewrite.php(34): require_once('C:\\xampp\\htdocs...')
#6 {main}
CRITICAL - 2020-11-05 01:43:11 --> Trying to get property 'user_password' of non-object
#0 C:\xampp\htdocs\e-klipingnew\app\Controllers\Profile.php(30): CodeIgniter\Debug\Exceptions->errorHandler(8, 'Trying to get p...', 'C:\\xampp\\htdocs...', 30, Array)
#1 C:\xampp\htdocs\e-klipingnew\system\CodeIgniter.php(918): App\Controllers\Profile->index()
#2 C:\xampp\htdocs\e-klipingnew\system\CodeIgniter.php(404): CodeIgniter\CodeIgniter->runController(Object(App\Controllers\Profile))
#3 C:\xampp\htdocs\e-klipingnew\system\CodeIgniter.php(312): CodeIgniter\CodeIgniter->handleRequest(NULL, Object(Config\Cache), false)
#4 C:\xampp\htdocs\e-klipingnew\public\index.php(45): CodeIgniter\CodeIgniter->run()
#5 C:\xampp\htdocs\e-klipingnew\system\Commands\Server\rewrite.php(34): require_once('C:\\xampp\\htdocs...')
#6 {main}
CRITICAL - 2020-11-05 01:46:21 --> Trying to get property 'user_password' of non-object
#0 C:\xampp\htdocs\e-klipingnew\app\Controllers\Profile.php(30): CodeIgniter\Debug\Exceptions->errorHandler(8, 'Trying to get p...', 'C:\\xampp\\htdocs...', 30, Array)
#1 C:\xampp\htdocs\e-klipingnew\system\CodeIgniter.php(918): App\Controllers\Profile->index()
#2 C:\xampp\htdocs\e-klipingnew\system\CodeIgniter.php(404): CodeIgniter\CodeIgniter->runController(Object(App\Controllers\Profile))
#3 C:\xampp\htdocs\e-klipingnew\system\CodeIgniter.php(312): CodeIgniter\CodeIgniter->handleRequest(NULL, Object(Config\Cache), false)
#4 C:\xampp\htdocs\e-klipingnew\public\index.php(45): CodeIgniter\CodeIgniter->run()
#5 C:\xampp\htdocs\e-klipingnew\system\Commands\Server\rewrite.php(34): require_once('C:\\xampp\\htdocs...')
#6 {main}
CRITICAL - 2020-11-05 01:48:13 --> Trying to get property 'user_password' of non-object
#0 C:\xampp\htdocs\e-klipingnew\app\Controllers\Profile.php(30): CodeIgniter\Debug\Exceptions->errorHandler(8, 'Trying to get p...', 'C:\\xampp\\htdocs...', 30, Array)
#1 C:\xampp\htdocs\e-klipingnew\system\CodeIgniter.php(918): App\Controllers\Profile->index()
#2 C:\xampp\htdocs\e-klipingnew\system\CodeIgniter.php(404): CodeIgniter\CodeIgniter->runController(Object(App\Controllers\Profile))
#3 C:\xampp\htdocs\e-klipingnew\system\CodeIgniter.php(312): CodeIgniter\CodeIgniter->handleRequest(NULL, Object(Config\Cache), false)
#4 C:\xampp\htdocs\e-klipingnew\public\index.php(45): CodeIgniter\CodeIgniter->run()
#5 C:\xampp\htdocs\e-klipingnew\system\Commands\Server\rewrite.php(34): require_once('C:\\xampp\\htdocs...')
#6 {main}
CRITICAL - 2020-11-05 01:57:47 --> Trying to get property 'user_password' of non-object
#0 C:\xampp\htdocs\e-klipingnew\app\Controllers\Profile.php(30): CodeIgniter\Debug\Exceptions->errorHandler(8, 'Trying to get p...', 'C:\\xampp\\htdocs...', 30, Array)
#1 C:\xampp\htdocs\e-klipingnew\system\CodeIgniter.php(918): App\Controllers\Profile->index()
#2 C:\xampp\htdocs\e-klipingnew\system\CodeIgniter.php(404): CodeIgniter\CodeIgniter->runController(Object(App\Controllers\Profile))
#3 C:\xampp\htdocs\e-klipingnew\system\CodeIgniter.php(312): CodeIgniter\CodeIgniter->handleRequest(NULL, Object(Config\Cache), false)
#4 C:\xampp\htdocs\e-klipingnew\public\index.php(45): CodeIgniter\CodeIgniter->run()
#5 C:\xampp\htdocs\e-klipingnew\system\Commands\Server\rewrite.php(34): require_once('C:\\xampp\\htdocs...')
#6 {main}
CRITICAL - 2020-11-05 02:03:06 --> Trying to get property 'user_password' of non-object
#0 C:\xampp\htdocs\e-klipingnew\app\Controllers\Profile.php(30): CodeIgniter\Debug\Exceptions->errorHandler(8, 'Trying to get p...', 'C:\\xampp\\htdocs...', 30, Array)
#1 C:\xampp\htdocs\e-klipingnew\system\CodeIgniter.php(918): App\Controllers\Profile->index()
#2 C:\xampp\htdocs\e-klipingnew\system\CodeIgniter.php(404): CodeIgniter\CodeIgniter->runController(Object(App\Controllers\Profile))
#3 C:\xampp\htdocs\e-klipingnew\system\CodeIgniter.php(312): CodeIgniter\CodeIgniter->handleRequest(NULL, Object(Config\Cache), false)
#4 C:\xampp\htdocs\e-klipingnew\public\index.php(45): CodeIgniter\CodeIgniter->run()
#5 C:\xampp\htdocs\e-klipingnew\system\Commands\Server\rewrite.php(34): require_once('C:\\xampp\\htdocs...')
#6 {main}
CRITICAL - 2020-11-05 02:03:12 --> Trying to get property 'user_password' of non-object
#0 C:\xampp\htdocs\e-klipingnew\app\Controllers\Profile.php(30): CodeIgniter\Debug\Exceptions->errorHandler(8, 'Trying to get p...', 'C:\\xampp\\htdocs...', 30, Array)
#1 C:\xampp\htdocs\e-klipingnew\system\CodeIgniter.php(918): App\Controllers\Profile->index()
#2 C:\xampp\htdocs\e-klipingnew\system\CodeIgniter.php(404): CodeIgniter\CodeIgniter->runController(Object(App\Controllers\Profile))
#3 C:\xampp\htdocs\e-klipingnew\system\CodeIgniter.php(312): CodeIgniter\CodeIgniter->handleRequest(NULL, Object(Config\Cache), false)
#4 C:\xampp\htdocs\e-klipingnew\public\index.php(45): CodeIgniter\CodeIgniter->run()
#5 C:\xampp\htdocs\e-klipingnew\system\Commands\Server\rewrite.php(34): require_once('C:\\xampp\\htdocs...')
#6 {main}
CRITICAL - 2020-11-05 02:07:19 --> Trying to get property 'user_password' of non-object
#0 C:\xampp\htdocs\e-klipingnew\app\Controllers\Profile.php(30): CodeIgniter\Debug\Exceptions->errorHandler(8, 'Trying to get p...', 'C:\\xampp\\htdocs...', 30, Array)
#1 C:\xampp\htdocs\e-klipingnew\system\CodeIgniter.php(918): App\Controllers\Profile->index()
#2 C:\xampp\htdocs\e-klipingnew\system\CodeIgniter.php(404): CodeIgniter\CodeIgniter->runController(Object(App\Controllers\Profile))
#3 C:\xampp\htdocs\e-klipingnew\system\CodeIgniter.php(312): CodeIgniter\CodeIgniter->handleRequest(NULL, Object(Config\Cache), false)
#4 C:\xampp\htdocs\e-klipingnew\public\index.php(45): CodeIgniter\CodeIgniter->run()
#5 C:\xampp\htdocs\e-klipingnew\system\Commands\Server\rewrite.php(34): require_once('C:\\xampp\\htdocs...')
#6 {main}
CRITICAL - 2020-11-05 06:08:12 --> Class 'App\Controllers\UserModel' not found
#0 C:\xampp\htdocs\e-klipingnew\system\CodeIgniter.php(918): App\Controllers\Profile->index()
#1 C:\xampp\htdocs\e-klipingnew\system\CodeIgniter.php(404): CodeIgniter\CodeIgniter->runController(Object(App\Controllers\Profile))
#2 C:\xampp\htdocs\e-klipingnew\system\CodeIgniter.php(312): CodeIgniter\CodeIgniter->handleRequest(NULL, Object(Config\Cache), false)
#3 C:\xampp\htdocs\e-klipingnew\public\index.php(45): CodeIgniter\CodeIgniter->run()
#4 C:\xampp\htdocs\e-klipingnew\system\Commands\Server\rewrite.php(34): require_once('C:\\xampp\\htdocs...')
#5 {main}
CRITICAL - 2020-11-05 06:08:57 --> Class 'App\Models\NewsModel' not found
#0 C:\xampp\htdocs\e-klipingnew\system\CodeIgniter.php(918): App\Controllers\Profile->index()
#1 C:\xampp\htdocs\e-klipingnew\system\CodeIgniter.php(404): CodeIgniter\CodeIgniter->runController(Object(App\Controllers\Profile))
#2 C:\xampp\htdocs\e-klipingnew\system\CodeIgniter.php(312): CodeIgniter\CodeIgniter->handleRequest(NULL, Object(Config\Cache), false)
#3 C:\xampp\htdocs\e-klipingnew\public\index.php(45): CodeIgniter\CodeIgniter->run()
#4 C:\xampp\htdocs\e-klipingnew\system\Commands\Server\rewrite.php(34): require_once('C:\\xampp\\htdocs...')
#5 {main}
CRITICAL - 2020-11-05 06:09:43 --> Class 'App\Controllers\UsersModel' not found
#0 C:\xampp\htdocs\e-klipingnew\system\CodeIgniter.php(918): App\Controllers\Profile->index()
#1 C:\xampp\htdocs\e-klipingnew\system\CodeIgniter.php(404): CodeIgniter\CodeIgniter->runController(Object(App\Controllers\Profile))
#2 C:\xampp\htdocs\e-klipingnew\system\CodeIgniter.php(312): CodeIgniter\CodeIgniter->handleRequest(NULL, Object(Config\Cache), false)
#3 C:\xampp\htdocs\e-klipingnew\public\index.php(45): CodeIgniter\CodeIgniter->run()
#4 C:\xampp\htdocs\e-klipingnew\system\Commands\Server\rewrite.php(34): require_once('C:\\xampp\\htdocs...')
#5 {main}
CRITICAL - 2020-11-05 06:12:59 --> Class 'App\Controllers\UsersModel' not found
#0 C:\xampp\htdocs\e-klipingnew\system\CodeIgniter.php(918): App\Controllers\Profile->index()
#1 C:\xampp\htdocs\e-klipingnew\system\CodeIgniter.php(404): CodeIgniter\CodeIgniter->runController(Object(App\Controllers\Profile))
#2 C:\xampp\htdocs\e-klipingnew\system\CodeIgniter.php(312): CodeIgniter\CodeIgniter->handleRequest(NULL, Object(Config\Cache), false)
#3 C:\xampp\htdocs\e-klipingnew\public\index.php(45): CodeIgniter\CodeIgniter->run()
#4 C:\xampp\htdocs\e-klipingnew\system\Commands\Server\rewrite.php(34): require_once('C:\\xampp\\htdocs...')
#5 {main}
CRITICAL - 2020-11-05 06:13:01 --> Class 'App\Controllers\UsersModel' not found
#0 C:\xampp\htdocs\e-klipingnew\system\CodeIgniter.php(918): App\Controllers\Profile->index()
#1 C:\xampp\htdocs\e-klipingnew\system\CodeIgniter.php(404): CodeIgniter\CodeIgniter->runController(Object(App\Controllers\Profile))
#2 C:\xampp\htdocs\e-klipingnew\system\CodeIgniter.php(312): CodeIgniter\CodeIgniter->handleRequest(NULL, Object(Config\Cache), false)
#3 C:\xampp\htdocs\e-klipingnew\public\index.php(45): CodeIgniter\CodeIgniter->run()
#4 C:\xampp\htdocs\e-klipingnew\system\Commands\Server\rewrite.php(34): require_once('C:\\xampp\\htdocs...')
#5 {main}
CRITICAL - 2020-11-05 06:13:01 --> Class 'App\Controllers\UsersModel' not found
#0 C:\xampp\htdocs\e-klipingnew\system\CodeIgniter.php(918): App\Controllers\Profile->index()
#1 C:\xampp\htdocs\e-klipingnew\system\CodeIgniter.php(404): CodeIgniter\CodeIgniter->runController(Object(App\Controllers\Profile))
#2 C:\xampp\htdocs\e-klipingnew\system\CodeIgniter.php(312): CodeIgniter\CodeIgniter->handleRequest(NULL, Object(Config\Cache), false)
#3 C:\xampp\htdocs\e-klipingnew\public\index.php(45): CodeIgniter\CodeIgniter->run()
#4 C:\xampp\htdocs\e-klipingnew\system\Commands\Server\rewrite.php(34): require_once('C:\\xampp\\htdocs...')
#5 {main}
CRITICAL - 2020-11-05 06:13:01 --> Class 'App\Controllers\UsersModel' not found
#0 C:\xampp\htdocs\e-klipingnew\system\CodeIgniter.php(918): App\Controllers\Profile->index()
#1 C:\xampp\htdocs\e-klipingnew\system\CodeIgniter.php(404): CodeIgniter\CodeIgniter->runController(Object(App\Controllers\Profile))
#2 C:\xampp\htdocs\e-klipingnew\system\CodeIgniter.php(312): CodeIgniter\CodeIgniter->handleRequest(NULL, Object(Config\Cache), false)
#3 C:\xampp\htdocs\e-klipingnew\public\index.php(45): CodeIgniter\CodeIgniter->run()
#4 C:\xampp\htdocs\e-klipingnew\system\Commands\Server\rewrite.php(34): require_once('C:\\xampp\\htdocs...')
#5 {main}
CRITICAL - 2020-11-05 06:13:15 --> Trying to get property 'user_password' of non-object
#0 C:\xampp\htdocs\e-klipingnew\app\Controllers\Profile.php(30): CodeIgniter\Debug\Exceptions->errorHandler(8, 'Trying to get p...', 'C:\\xampp\\htdocs...', 30, Array)
#1 C:\xampp\htdocs\e-klipingnew\system\CodeIgniter.php(918): App\Controllers\Profile->index()
#2 C:\xampp\htdocs\e-klipingnew\system\CodeIgniter.php(404): CodeIgniter\CodeIgniter->runController(Object(App\Controllers\Profile))
#3 C:\xampp\htdocs\e-klipingnew\system\CodeIgniter.php(312): CodeIgniter\CodeIgniter->handleRequest(NULL, Object(Config\Cache), false)
#4 C:\xampp\htdocs\e-klipingnew\public\index.php(45): CodeIgniter\CodeIgniter->run()
#5 C:\xampp\htdocs\e-klipingnew\system\Commands\Server\rewrite.php(34): require_once('C:\\xampp\\htdocs...')
#6 {main}
CRITICAL - 2020-11-05 06:15:26 --> Undefined variable: password
#0 C:\xampp\htdocs\e-klipingnew\app\Views\admin\profile.php(38): CodeIgniter\Debug\Exceptions->errorHandler(8, 'Undefined varia...', 'C:\\xampp\\htdocs...', 38, Array)
#1 C:\xampp\htdocs\e-klipingnew\system\View\View.php(246): include('C:\\xampp\\htdocs...')
#2 C:\xampp\htdocs\e-klipingnew\system\Common.php(1119): CodeIgniter\View\View->render('admin/profile', Array, true)
#3 C:\xampp\htdocs\e-klipingnew\app\Controllers\Profile.php(34): view('admin/profile', Array)
#4 C:\xampp\htdocs\e-klipingnew\system\CodeIgniter.php(918): App\Controllers\Profile->index()
#5 C:\xampp\htdocs\e-klipingnew\system\CodeIgniter.php(404): CodeIgniter\CodeIgniter->runController(Object(App\Controllers\Profile))
#6 C:\xampp\htdocs\e-klipingnew\system\CodeIgniter.php(312): CodeIgniter\CodeIgniter->handleRequest(NULL, Object(Config\Cache), false)
#7 C:\xampp\htdocs\e-klipingnew\public\index.php(45): CodeIgniter\CodeIgniter->run()
#8 C:\xampp\htdocs\e-klipingnew\system\Commands\Server\rewrite.php(34): require_once('C:\\xampp\\htdocs...')
#9 {main}
CRITICAL - 2020-11-05 06:15:31 --> Undefined variable: password
#0 C:\xampp\htdocs\e-klipingnew\app\Views\admin\profile.php(38): CodeIgniter\Debug\Exceptions->errorHandler(8, 'Undefined varia...', 'C:\\xampp\\htdocs...', 38, Array)
#1 C:\xampp\htdocs\e-klipingnew\system\View\View.php(246): include('C:\\xampp\\htdocs...')
#2 C:\xampp\htdocs\e-klipingnew\system\Common.php(1119): CodeIgniter\View\View->render('admin/profile', Array, true)
#3 C:\xampp\htdocs\e-klipingnew\app\Controllers\Profile.php(34): view('admin/profile', Array)
#4 C:\xampp\htdocs\e-klipingnew\system\CodeIgniter.php(918): App\Controllers\Profile->index()
#5 C:\xampp\htdocs\e-klipingnew\system\CodeIgniter.php(404): CodeIgniter\CodeIgniter->runController(Object(App\Controllers\Profile))
#6 C:\xampp\htdocs\e-klipingnew\system\CodeIgniter.php(312): CodeIgniter\CodeIgniter->handleRequest(NULL, Object(Config\Cache), false)
#7 C:\xampp\htdocs\e-klipingnew\public\index.php(45): CodeIgniter\CodeIgniter->run()
#8 C:\xampp\htdocs\e-klipingnew\system\Commands\Server\rewrite.php(34): require_once('C:\\xampp\\htdocs...')
#9 {main}
CRITICAL - 2020-11-05 06:19:04 --> Trying to get property 'user_password' of non-object
#0 C:\xampp\htdocs\e-klipingnew\app\Controllers\Profile.php(30): CodeIgniter\Debug\Exceptions->errorHandler(8, 'Trying to get p...', 'C:\\xampp\\htdocs...', 30, Array)
#1 C:\xampp\htdocs\e-klipingnew\system\CodeIgniter.php(918): App\Controllers\Profile->index()
#2 C:\xampp\htdocs\e-klipingnew\system\CodeIgniter.php(404): CodeIgniter\CodeIgniter->runController(Object(App\Controllers\Profile))
#3 C:\xampp\htdocs\e-klipingnew\system\CodeIgniter.php(312): CodeIgniter\CodeIgniter->handleRequest(NULL, Object(Config\Cache), false)
#4 C:\xampp\htdocs\e-klipingnew\public\index.php(45): CodeIgniter\CodeIgniter->run()
#5 C:\xampp\htdocs\e-klipingnew\system\Commands\Server\rewrite.php(34): require_once('C:\\xampp\\htdocs...')
#6 {main}
CRITICAL - 2020-11-05 06:20:51 --> Trying to get property 'user_password' of non-object
#0 C:\xampp\htdocs\e-klipingnew\app\Controllers\Profile.php(30): CodeIgniter\Debug\Exceptions->errorHandler(8, 'Trying to get p...', 'C:\\xampp\\htdocs...', 30, Array)
#1 C:\xampp\htdocs\e-klipingnew\system\CodeIgniter.php(918): App\Controllers\Profile->index()
#2 C:\xampp\htdocs\e-klipingnew\system\CodeIgniter.php(404): CodeIgniter\CodeIgniter->runController(Object(App\Controllers\Profile))
#3 C:\xampp\htdocs\e-klipingnew\system\CodeIgniter.php(312): CodeIgniter\CodeIgniter->handleRequest(NULL, Object(Config\Cache), false)
#4 C:\xampp\htdocs\e-klipingnew\public\index.php(45): CodeIgniter\CodeIgniter->run()
#5 C:\xampp\htdocs\e-klipingnew\system\Commands\Server\rewrite.php(34): require_once('C:\\xampp\\htdocs...')
#6 {main}
CRITICAL - 2020-11-05 08:14:39 --> Invalid file: templates/v_header.php
#0 C:\xampp\htdocs\e-klipingnew\system\View\View.php(228): CodeIgniter\Exceptions\FrameworkException::forInvalidFile('templates/v_hea...')
#1 C:\xampp\htdocs\e-klipingnew\system\Common.php(1119): CodeIgniter\View\View->render('templates/v_hea...', Array, true)
#2 C:\xampp\htdocs\e-klipingnew\app\Controllers\Dashboard.php(18): view('templates/v_hea...', Array)
#3 C:\xampp\htdocs\e-klipingnew\system\CodeIgniter.php(918): App\Controllers\Dashboard->index()
#4 C:\xampp\htdocs\e-klipingnew\system\CodeIgniter.php(404): CodeIgniter\CodeIgniter->runController(Object(App\Controllers\Dashboard))
#5 C:\xampp\htdocs\e-klipingnew\system\CodeIgniter.php(312): CodeIgniter\CodeIgniter->handleRequest(NULL, Object(Config\Cache), false)
#6 C:\xampp\htdocs\e-klipingnew\public\index.php(45): CodeIgniter\CodeIgniter->run()
#7 C:\xampp\htdocs\e-klipingnew\system\Commands\Server\rewrite.php(34): require_once('C:\\xampp\\htdocs...')
#8 {main}
CRITICAL - 2020-11-05 08:15:54 --> Invalid file: /templates/v_header.php
#0 C:\xampp\htdocs\e-klipingnew\system\View\View.php(228): CodeIgniter\Exceptions\FrameworkException::forInvalidFile('/templates/v_he...')
#1 C:\xampp\htdocs\e-klipingnew\system\Common.php(1119): CodeIgniter\View\View->render('/templates/v_he...', Array, true)
#2 C:\xampp\htdocs\e-klipingnew\app\Controllers\Dashboard.php(18): view('/templates/v_he...', Array)
#3 C:\xampp\htdocs\e-klipingnew\system\CodeIgniter.php(918): App\Controllers\Dashboard->index()
#4 C:\xampp\htdocs\e-klipingnew\system\CodeIgniter.php(404): CodeIgniter\CodeIgniter->runController(Object(App\Controllers\Dashboard))
#5 C:\xampp\htdocs\e-klipingnew\system\CodeIgniter.php(312): CodeIgniter\CodeIgniter->handleRequest(NULL, Object(Config\Cache), false)
#6 C:\xampp\htdocs\e-klipingnew\public\index.php(45): CodeIgniter\CodeIgniter->run()
#7 C:\xampp\htdocs\e-klipingnew\system\Commands\Server\rewrite.php(34): require_once('C:\\xampp\\htdocs...')
#8 {main}
CRITICAL - 2020-11-05 08:17:17 --> Invalid file: global/templates/v_header.php
#0 C:\xampp\htdocs\e-klipingnew\system\View\View.php(228): CodeIgniter\Exceptions\FrameworkException::forInvalidFile('global/template...')
#1 C:\xampp\htdocs\e-klipingnew\system\Common.php(1119): CodeIgniter\View\View->render('global/template...', Array, true)
#2 C:\xampp\htdocs\e-klipingnew\app\Controllers\Dashboard.php(18): view('global/template...', Array)
#3 C:\xampp\htdocs\e-klipingnew\system\CodeIgniter.php(918): App\Controllers\Dashboard->index()
#4 C:\xampp\htdocs\e-klipingnew\system\CodeIgniter.php(404): CodeIgniter\CodeIgniter->runController(Object(App\Controllers\Dashboard))
#5 C:\xampp\htdocs\e-klipingnew\system\CodeIgniter.php(312): CodeIgniter\CodeIgniter->handleRequest(NULL, Object(Config\Cache), false)
#6 C:\xampp\htdocs\e-klipingnew\public\index.php(45): CodeIgniter\CodeIgniter->run()
#7 C:\xampp\htdocs\e-klipingnew\system\Commands\Server\rewrite.php(34): require_once('C:\\xampp\\htdocs...')
#8 {main}
CRITICAL - 2020-11-05 08:17:41 --> Invalid file: templates/v_header.php
#0 C:\xampp\htdocs\e-klipingnew\system\View\View.php(228): CodeIgniter\Exceptions\FrameworkException::forInvalidFile('templates/v_hea...')
#1 C:\xampp\htdocs\e-klipingnew\system\Common.php(1119): CodeIgniter\View\View->render('templates/v_hea...', Array, true)
#2 C:\xampp\htdocs\e-klipingnew\app\Controllers\Dashboard.php(18): view('templates/v_hea...', Array)
#3 C:\xampp\htdocs\e-klipingnew\system\CodeIgniter.php(918): App\Controllers\Dashboard->index()
#4 C:\xampp\htdocs\e-klipingnew\system\CodeIgniter.php(404): CodeIgniter\CodeIgniter->runController(Object(App\Controllers\Dashboard))
#5 C:\xampp\htdocs\e-klipingnew\system\CodeIgniter.php(312): CodeIgniter\CodeIgniter->handleRequest(NULL, Object(Config\Cache), false)
#6 C:\xampp\htdocs\e-klipingnew\public\index.php(45): CodeIgniter\CodeIgniter->run()
#7 C:\xampp\htdocs\e-klipingnew\system\Commands\Server\rewrite.php(34): require_once('C:\\xampp\\htdocs...')
#8 {main}
CRITICAL - 2020-11-05 08:21:55 --> Invalid file: /global/templates/v_header.php
#0 C:\xampp\htdocs\e-klipingnew\system\View\View.php(228): CodeIgniter\Exceptions\FrameworkException::forInvalidFile('/global/templat...')
#1 C:\xampp\htdocs\e-klipingnew\system\Common.php(1119): CodeIgniter\View\View->render('/global/templat...', Array, true)
#2 C:\xampp\htdocs\e-klipingnew\app\Controllers\Dashboard.php(18): view('/global/templat...', Array)
#3 C:\xampp\htdocs\e-klipingnew\system\CodeIgniter.php(918): App\Controllers\Dashboard->index()
#4 C:\xampp\htdocs\e-klipingnew\system\CodeIgniter.php(404): CodeIgniter\CodeIgniter->runController(Object(App\Controllers\Dashboard))
#5 C:\xampp\htdocs\e-klipingnew\system\CodeIgniter.php(312): CodeIgniter\CodeIgniter->handleRequest(NULL, Object(Config\Cache), false)
#6 C:\xampp\htdocs\e-klipingnew\public\index.php(45): CodeIgniter\CodeIgniter->run()
#7 C:\xampp\htdocs\e-klipingnew\system\Commands\Server\rewrite.php(34): require_once('C:\\xampp\\htdocs...')
#8 {main}
CRITICAL - 2020-11-05 08:22:03 --> Invalid file: global/templates/v_header.php
#0 C:\xampp\htdocs\e-klipingnew\system\View\View.php(228): CodeIgniter\Exceptions\FrameworkException::forInvalidFile('global/template...')
#1 C:\xampp\htdocs\e-klipingnew\system\Common.php(1119): CodeIgniter\View\View->render('global/template...', Array, true)
#2 C:\xampp\htdocs\e-klipingnew\app\Controllers\Dashboard.php(18): view('global/template...', Array)
#3 C:\xampp\htdocs\e-klipingnew\system\CodeIgniter.php(918): App\Controllers\Dashboard->index()
#4 C:\xampp\htdocs\e-klipingnew\system\CodeIgniter.php(404): CodeIgniter\CodeIgniter->runController(Object(App\Controllers\Dashboard))
#5 C:\xampp\htdocs\e-klipingnew\system\CodeIgniter.php(312): CodeIgniter\CodeIgniter->handleRequest(NULL, Object(Config\Cache), false)
#6 C:\xampp\htdocs\e-klipingnew\public\index.php(45): CodeIgniter\CodeIgniter->run()
#7 C:\xampp\htdocs\e-klipingnew\system\Commands\Server\rewrite.php(34): require_once('C:\\xampp\\htdocs...')
#8 {main}
CRITICAL - 2020-11-05 08:24:12 --> Invalid file: global/templates/v_header.php
#0 C:\xampp\htdocs\e-klipingnew\system\View\View.php(228): CodeIgniter\Exceptions\FrameworkException::forInvalidFile('global/template...')
#1 C:\xampp\htdocs\e-klipingnew\system\Common.php(1119): CodeIgniter\View\View->render('global/template...', Array, true)
#2 C:\xampp\htdocs\e-klipingnew\app\Controllers\Dashboard.php(18): view('global/template...', Array)
#3 C:\xampp\htdocs\e-klipingnew\system\CodeIgniter.php(918): App\Controllers\Dashboard->index()
#4 C:\xampp\htdocs\e-klipingnew\system\CodeIgniter.php(404): CodeIgniter\CodeIgniter->runController(Object(App\Controllers\Dashboard))
#5 C:\xampp\htdocs\e-klipingnew\system\CodeIgniter.php(312): CodeIgniter\CodeIgniter->handleRequest(NULL, Object(Config\Cache), false)
#6 C:\xampp\htdocs\e-klipingnew\public\index.php(45): CodeIgniter\CodeIgniter->run()
#7 C:\xampp\htdocs\e-klipingnew\system\Commands\Server\rewrite.php(34): require_once('C:\\xampp\\htdocs...')
#8 {main}
CRITICAL - 2020-11-05 08:24:14 --> Invalid file: global/templates/v_header.php
#0 C:\xampp\htdocs\e-klipingnew\system\View\View.php(228): CodeIgniter\Exceptions\FrameworkException::forInvalidFile('global/template...')
#1 C:\xampp\htdocs\e-klipingnew\system\Common.php(1119): CodeIgniter\View\View->render('global/template...', Array, true)
#2 C:\xampp\htdocs\e-klipingnew\app\Controllers\Dashboard.php(18): view('global/template...', Array)
#3 C:\xampp\htdocs\e-klipingnew\system\CodeIgniter.php(918): App\Controllers\Dashboard->index()
#4 C:\xampp\htdocs\e-klipingnew\system\CodeIgniter.php(404): CodeIgniter\CodeIgniter->runController(Object(App\Controllers\Dashboard))
#5 C:\xampp\htdocs\e-klipingnew\system\CodeIgniter.php(312): CodeIgniter\CodeIgniter->handleRequest(NULL, Object(Config\Cache), false)
#6 C:\xampp\htdocs\e-klipingnew\public\index.php(45): CodeIgniter\CodeIgniter->run()
#7 C:\xampp\htdocs\e-klipingnew\system\Commands\Server\rewrite.php(34): require_once('C:\\xampp\\htdocs...')
#8 {main}
CRITICAL - 2020-11-05 08:31:27 --> Invalid file: global/templates/v_header.php
#0 C:\xampp\htdocs\e-klipingnew\system\View\View.php(228): CodeIgniter\Exceptions\FrameworkException::forInvalidFile('global/template...')
#1 C:\xampp\htdocs\e-klipingnew\system\Common.php(1119): CodeIgniter\View\View->render('global/template...', Array, true)
#2 C:\xampp\htdocs\e-klipingnew\app\Controllers\Dashboard.php(18): view('global/template...', Array)
#3 C:\xampp\htdocs\e-klipingnew\system\CodeIgniter.php(918): App\Controllers\Dashboard->index()
#4 C:\xampp\htdocs\e-klipingnew\system\CodeIgniter.php(404): CodeIgniter\CodeIgniter->runController(Object(App\Controllers\Dashboard))
#5 C:\xampp\htdocs\e-klipingnew\system\CodeIgniter.php(312): CodeIgniter\CodeIgniter->handleRequest(NULL, Object(Config\Cache), false)
#6 C:\xampp\htdocs\e-klipingnew\public\index.php(45): CodeIgniter\CodeIgniter->run()
#7 C:\xampp\htdocs\e-klipingnew\system\Commands\Server\rewrite.php(34): require_once('C:\\xampp\\htdocs...')
#8 {main}
CRITICAL - 2020-11-05 08:34:04 --> Invalid file: /global/templates/v_header.php
#0 C:\xampp\htdocs\e-klipingnew\system\View\View.php(228): CodeIgniter\Exceptions\FrameworkException::forInvalidFile('/global/templat...')
#1 C:\xampp\htdocs\e-klipingnew\system\Common.php(1119): CodeIgniter\View\View->render('/global/templat...', Array, true)
#2 C:\xampp\htdocs\e-klipingnew\app\Controllers\Dashboard.php(18): view('/global/templat...', Array)
#3 C:\xampp\htdocs\e-klipingnew\system\CodeIgniter.php(918): App\Controllers\Dashboard->index()
#4 C:\xampp\htdocs\e-klipingnew\system\CodeIgniter.php(404): CodeIgniter\CodeIgniter->runController(Object(App\Controllers\Dashboard))
#5 C:\xampp\htdocs\e-klipingnew\system\CodeIgniter.php(312): CodeIgniter\CodeIgniter->handleRequest(NULL, Object(Config\Cache), false)
#6 C:\xampp\htdocs\e-klipingnew\public\index.php(45): CodeIgniter\CodeIgniter->run()
#7 C:\xampp\htdocs\e-klipingnew\system\Commands\Server\rewrite.php(34): require_once('C:\\xampp\\htdocs...')
#8 {main}
CRITICAL - 2020-11-05 08:35:33 --> Invalid file: global/templates/v_header.php
#0 C:\xampp\htdocs\e-klipingnew\system\View\View.php(228): CodeIgniter\Exceptions\FrameworkException::forInvalidFile('global/template...')
#1 C:\xampp\htdocs\e-klipingnew\system\Common.php(1119): CodeIgniter\View\View->render('global/template...', Array, true)
#2 C:\xampp\htdocs\e-klipingnew\app\Controllers\Dashboard.php(18): view('global/template...', Array)
#3 C:\xampp\htdocs\e-klipingnew\system\CodeIgniter.php(918): App\Controllers\Dashboard->index()
#4 C:\xampp\htdocs\e-klipingnew\system\CodeIgniter.php(404): CodeIgniter\CodeIgniter->runController(Object(App\Controllers\Dashboard))
#5 C:\xampp\htdocs\e-klipingnew\system\CodeIgniter.php(312): CodeIgniter\CodeIgniter->handleRequest(NULL, Object(Config\Cache), false)
#6 C:\xampp\htdocs\e-klipingnew\public\index.php(45): CodeIgniter\CodeIgniter->run()
#7 C:\xampp\htdocs\e-klipingnew\system\Commands\Server\rewrite.php(34): require_once('C:\\xampp\\htdocs...')
#8 {main}
CRITICAL - 2020-11-05 08:36:49 --> Invalid file: templates/v_header.php
#0 C:\xampp\htdocs\e-klipingnew\system\View\View.php(228): CodeIgniter\Exceptions\FrameworkException::forInvalidFile('templates/v_hea...')
#1 C:\xampp\htdocs\e-klipingnew\system\Common.php(1119): CodeIgniter\View\View->render('templates/v_hea...', Array, true)
#2 C:\xampp\htdocs\e-klipingnew\app\Controllers\Dashboard.php(18): view('templates/v_hea...', Array)
#3 C:\xampp\htdocs\e-klipingnew\system\CodeIgniter.php(918): App\Controllers\Dashboard->index()
#4 C:\xampp\htdocs\e-klipingnew\system\CodeIgniter.php(404): CodeIgniter\CodeIgniter->runController(Object(App\Controllers\Dashboard))
#5 C:\xampp\htdocs\e-klipingnew\system\CodeIgniter.php(312): CodeIgniter\CodeIgniter->handleRequest(NULL, Object(Config\Cache), false)
#6 C:\xampp\htdocs\e-klipingnew\public\index.php(45): CodeIgniter\CodeIgniter->run()
#7 C:\xampp\htdocs\e-klipingnew\system\Commands\Server\rewrite.php(34): require_once('C:\\xampp\\htdocs...')
#8 {main}
CRITICAL - 2020-11-05 08:46:50 --> Invalid file: templates/v_header.php
#0 C:\xampp\htdocs\e-klipingnew\system\View\View.php(228): CodeIgniter\Exceptions\FrameworkException::forInvalidFile('templates/v_hea...')
#1 C:\xampp\htdocs\e-klipingnew\system\Common.php(1119): CodeIgniter\View\View->render('templates/v_hea...', Array, true)
#2 C:\xampp\htdocs\e-klipingnew\app\Controllers\Dashboard.php(18): view('templates/v_hea...', Array)
#3 C:\xampp\htdocs\e-klipingnew\system\CodeIgniter.php(918): App\Controllers\Dashboard->index()
#4 C:\xampp\htdocs\e-klipingnew\system\CodeIgniter.php(404): CodeIgniter\CodeIgniter->runController(Object(App\Controllers\Dashboard))
#5 C:\xampp\htdocs\e-klipingnew\system\CodeIgniter.php(312): CodeIgniter\CodeIgniter->handleRequest(NULL, Object(Config\Cache), false)
#6 C:\xampp\htdocs\e-klipingnew\public\index.php(45): CodeIgniter\CodeIgniter->run()
#7 C:\xampp\htdocs\e-klipingnew\system\Commands\Server\rewrite.php(34): require_once('C:\\xampp\\htdocs...')
#8 {main}
CRITICAL - 2020-11-05 08:46:51 --> Invalid file: templates/v_header.php
#0 C:\xampp\htdocs\e-klipingnew\system\View\View.php(228): CodeIgniter\Exceptions\FrameworkException::forInvalidFile('templates/v_hea...')
#1 C:\xampp\htdocs\e-klipingnew\system\Common.php(1119): CodeIgniter\View\View->render('templates/v_hea...', Array, true)
#2 C:\xampp\htdocs\e-klipingnew\app\Controllers\Dashboard.php(18): view('templates/v_hea...', Array)
#3 C:\xampp\htdocs\e-klipingnew\system\CodeIgniter.php(918): App\Controllers\Dashboard->index()
#4 C:\xampp\htdocs\e-klipingnew\system\CodeIgniter.php(404): CodeIgniter\CodeIgniter->runController(Object(App\Controllers\Dashboard))
#5 C:\xampp\htdocs\e-klipingnew\system\CodeIgniter.php(312): CodeIgniter\CodeIgniter->handleRequest(NULL, Object(Config\Cache), false)
#6 C:\xampp\htdocs\e-klipingnew\public\index.php(45): CodeIgniter\CodeIgniter->run()
#7 C:\xampp\htdocs\e-klipingnew\system\Commands\Server\rewrite.php(34): require_once('C:\\xampp\\htdocs...')
#8 {main}
CRITICAL - 2020-11-05 08:46:51 --> Invalid file: templates/v_header.php
#0 C:\xampp\htdocs\e-klipingnew\system\View\View.php(228): CodeIgniter\Exceptions\FrameworkException::forInvalidFile('templates/v_hea...')
#1 C:\xampp\htdocs\e-klipingnew\system\Common.php(1119): CodeIgniter\View\View->render('templates/v_hea...', Array, true)
#2 C:\xampp\htdocs\e-klipingnew\app\Controllers\Dashboard.php(18): view('templates/v_hea...', Array)
#3 C:\xampp\htdocs\e-klipingnew\system\CodeIgniter.php(918): App\Controllers\Dashboard->index()
#4 C:\xampp\htdocs\e-klipingnew\system\CodeIgniter.php(404): CodeIgniter\CodeIgniter->runController(Object(App\Controllers\Dashboard))
#5 C:\xampp\htdocs\e-klipingnew\system\CodeIgniter.php(312): CodeIgniter\CodeIgniter->handleRequest(NULL, Object(Config\Cache), false)
#6 C:\xampp\htdocs\e-klipingnew\public\index.php(45): CodeIgniter\CodeIgniter->run()
#7 C:\xampp\htdocs\e-klipingnew\system\Commands\Server\rewrite.php(34): require_once('C:\\xampp\\htdocs...')
#8 {main}
CRITICAL - 2020-11-05 08:46:52 --> Invalid file: templates/v_header.php
#0 C:\xampp\htdocs\e-klipingnew\system\View\View.php(228): CodeIgniter\Exceptions\FrameworkException::forInvalidFile('templates/v_hea...')
#1 C:\xampp\htdocs\e-klipingnew\system\Common.php(1119): CodeIgniter\View\View->render('templates/v_hea...', Array, true)
#2 C:\xampp\htdocs\e-klipingnew\app\Controllers\Dashboard.php(18): view('templates/v_hea...', Array)
#3 C:\xampp\htdocs\e-klipingnew\system\CodeIgniter.php(918): App\Controllers\Dashboard->index()
#4 C:\xampp\htdocs\e-klipingnew\system\CodeIgniter.php(404): CodeIgniter\CodeIgniter->runController(Object(App\Controllers\Dashboard))
#5 C:\xampp\htdocs\e-klipingnew\system\CodeIgniter.php(312): CodeIgniter\CodeIgniter->handleRequest(NULL, Object(Config\Cache), false)
#6 C:\xampp\htdocs\e-klipingnew\public\index.php(45): CodeIgniter\CodeIgniter->run()
#7 C:\xampp\htdocs\e-klipingnew\system\Commands\Server\rewrite.php(34): require_once('C:\\xampp\\htdocs...')
#8 {main}
CRITICAL - 2020-11-05 19:29:42 --> Invalid file: templates/v_header.php
#0 C:\xampp\htdocs\e-klipingnew\system\View\View.php(228): CodeIgniter\Exceptions\FrameworkException::forInvalidFile('templates/v_hea...')
#1 C:\xampp\htdocs\e-klipingnew\system\Common.php(1119): CodeIgniter\View\View->render('templates/v_hea...', Array, true)
#2 C:\xampp\htdocs\e-klipingnew\app\Controllers\Dashboard.php(18): view('templates/v_hea...', Array)
#3 C:\xampp\htdocs\e-klipingnew\system\CodeIgniter.php(918): App\Controllers\Dashboard->index()
#4 C:\xampp\htdocs\e-klipingnew\system\CodeIgniter.php(404): CodeIgniter\CodeIgniter->runController(Object(App\Controllers\Dashboard))
#5 C:\xampp\htdocs\e-klipingnew\system\CodeIgniter.php(312): CodeIgniter\CodeIgniter->handleRequest(NULL, Object(Config\Cache), false)
#6 C:\xampp\htdocs\e-klipingnew\public\index.php(45): CodeIgniter\CodeIgniter->run()
#7 C:\xampp\htdocs\e-klipingnew\system\Commands\Server\rewrite.php(34): require_once('C:\\xampp\\htdocs...')
#8 {main}
CRITICAL - 2020-11-05 19:31:09 --> Invalid file: templates/v_header.php
#0 C:\xampp\htdocs\e-klipingnew\system\View\View.php(228): CodeIgniter\Exceptions\FrameworkException::forInvalidFile('templates/v_hea...')
#1 C:\xampp\htdocs\e-klipingnew\system\Common.php(1119): CodeIgniter\View\View->render('templates/v_hea...', Array, true)
#2 C:\xampp\htdocs\e-klipingnew\app\Controllers\Dashboard.php(18): view('templates/v_hea...')
#3 C:\xampp\htdocs\e-klipingnew\system\CodeIgniter.php(918): App\Controllers\Dashboard->index()
#4 C:\xampp\htdocs\e-klipingnew\system\CodeIgniter.php(404): CodeIgniter\CodeIgniter->runController(Object(App\Controllers\Dashboard))
#5 C:\xampp\htdocs\e-klipingnew\system\CodeIgniter.php(312): CodeIgniter\CodeIgniter->handleRequest(NULL, Object(Config\Cache), false)
#6 C:\xampp\htdocs\e-klipingnew\public\index.php(45): CodeIgniter\CodeIgniter->run()
#7 C:\xampp\htdocs\e-klipingnew\system\Commands\Server\rewrite.php(34): require_once('C:\\xampp\\htdocs...')
#8 {main}
CRITICAL - 2020-11-05 19:32:10 --> Invalid file: global/templates/v_header.php
#0 C:\xampp\htdocs\e-klipingnew\system\View\View.php(228): CodeIgniter\Exceptions\FrameworkException::forInvalidFile('global/template...')
#1 C:\xampp\htdocs\e-klipingnew\system\Common.php(1119): CodeIgniter\View\View->render('global/template...', Array, true)
#2 C:\xampp\htdocs\e-klipingnew\app\Controllers\Dashboard.php(18): view('global/template...', Array)
#3 C:\xampp\htdocs\e-klipingnew\system\CodeIgniter.php(918): App\Controllers\Dashboard->index()
#4 C:\xampp\htdocs\e-klipingnew\system\CodeIgniter.php(404): CodeIgniter\CodeIgniter->runController(Object(App\Controllers\Dashboard))
#5 C:\xampp\htdocs\e-klipingnew\system\CodeIgniter.php(312): CodeIgniter\CodeIgniter->handleRequest(NULL, Object(Config\Cache), false)
#6 C:\xampp\htdocs\e-klipingnew\public\index.php(45): CodeIgniter\CodeIgniter->run()
#7 C:\xampp\htdocs\e-klipingnew\system\Commands\Server\rewrite.php(34): require_once('C:\\xampp\\htdocs...')
#8 {main}
CRITICAL - 2020-11-05 19:32:19 --> Invalid file: templates/v_header.php
#0 C:\xampp\htdocs\e-klipingnew\system\View\View.php(228): CodeIgniter\Exceptions\FrameworkException::forInvalidFile('templates/v_hea...')
#1 C:\xampp\htdocs\e-klipingnew\system\Common.php(1119): CodeIgniter\View\View->render('templates/v_hea...', Array, true)
#2 C:\xampp\htdocs\e-klipingnew\app\Controllers\Dashboard.php(18): view('templates/v_hea...', Array)
#3 C:\xampp\htdocs\e-klipingnew\system\CodeIgniter.php(918): App\Controllers\Dashboard->index()
#4 C:\xampp\htdocs\e-klipingnew\system\CodeIgniter.php(404): CodeIgniter\CodeIgniter->runController(Object(App\Controllers\Dashboard))
#5 C:\xampp\htdocs\e-klipingnew\system\CodeIgniter.php(312): CodeIgniter\CodeIgniter->handleRequest(NULL, Object(Config\Cache), false)
#6 C:\xampp\htdocs\e-klipingnew\public\index.php(45): CodeIgniter\CodeIgniter->run()
#7 C:\xampp\htdocs\e-klipingnew\system\Commands\Server\rewrite.php(34): require_once('C:\\xampp\\htdocs...')
#8 {main}
CRITICAL - 2020-11-05 19:32:44 --> Invalid file: templates/v_header.php
#0 C:\xampp\htdocs\e-klipingnew\system\View\View.php(228): CodeIgniter\Exceptions\FrameworkException::forInvalidFile('templates/v_hea...')
#1 C:\xampp\htdocs\e-klipingnew\system\Common.php(1119): CodeIgniter\View\View->render('templates/v_hea...', Array, true)
#2 C:\xampp\htdocs\e-klipingnew\app\Controllers\Dashboard.php(18): view('templates/v_hea...', Array)
#3 C:\xampp\htdocs\e-klipingnew\system\CodeIgniter.php(918): App\Controllers\Dashboard->index()
#4 C:\xampp\htdocs\e-klipingnew\system\CodeIgniter.php(404): CodeIgniter\CodeIgniter->runController(Object(App\Controllers\Dashboard))
#5 C:\xampp\htdocs\e-klipingnew\system\CodeIgniter.php(312): CodeIgniter\CodeIgniter->handleRequest(NULL, Object(Config\Cache), false)
#6 C:\xampp\htdocs\e-klipingnew\public\index.php(45): CodeIgniter\CodeIgniter->run()
#7 C:\xampp\htdocs\e-klipingnew\system\Commands\Server\rewrite.php(34): require_once('C:\\xampp\\htdocs...')
#8 {main}
CRITICAL - 2020-11-05 19:35:32 --> Invalid file: templates/v_header.php
#0 C:\xampp\htdocs\e-klipingnew\system\View\View.php(228): CodeIgniter\Exceptions\FrameworkException::forInvalidFile('templates/v_hea...')
#1 C:\xampp\htdocs\e-klipingnew\system\Common.php(1119): CodeIgniter\View\View->render('templates/v_hea...', Array, true)
#2 C:\xampp\htdocs\e-klipingnew\app\Controllers\Dashboard.php(18): view('templates/v_hea...', Array)
#3 C:\xampp\htdocs\e-klipingnew\system\CodeIgniter.php(918): App\Controllers\Dashboard->index()
#4 C:\xampp\htdocs\e-klipingnew\system\CodeIgniter.php(404): CodeIgniter\CodeIgniter->runController(Object(App\Controllers\Dashboard))
#5 C:\xampp\htdocs\e-klipingnew\system\CodeIgniter.php(312): CodeIgniter\CodeIgniter->handleRequest(NULL, Object(Config\Cache), false)
#6 C:\xampp\htdocs\e-klipingnew\public\index.php(45): CodeIgniter\CodeIgniter->run()
#7 C:\xampp\htdocs\e-klipingnew\system\Commands\Server\rewrite.php(34): require_once('C:\\xampp\\htdocs...')
#8 {main}
CRITICAL - 2020-11-05 19:41:23 --> Invalid file: global/v_header.php
#0 C:\xampp\htdocs\e-klipingnew\system\View\View.php(228): CodeIgniter\Exceptions\FrameworkException::forInvalidFile('global/v_header...')
#1 C:\xampp\htdocs\e-klipingnew\system\Common.php(1119): CodeIgniter\View\View->render('global/v_header', Array, true)
#2 C:\xampp\htdocs\e-klipingnew\app\Controllers\Dashboard.php(18): view('global/v_header', Array)
#3 C:\xampp\htdocs\e-klipingnew\system\CodeIgniter.php(918): App\Controllers\Dashboard->index()
#4 C:\xampp\htdocs\e-klipingnew\system\CodeIgniter.php(404): CodeIgniter\CodeIgniter->runController(Object(App\Controllers\Dashboard))
#5 C:\xampp\htdocs\e-klipingnew\system\CodeIgniter.php(312): CodeIgniter\CodeIgniter->handleRequest(NULL, Object(Config\Cache), false)
#6 C:\xampp\htdocs\e-klipingnew\public\index.php(45): CodeIgniter\CodeIgniter->run()
#7 C:\xampp\htdocs\e-klipingnew\system\Commands\Server\rewrite.php(34): require_once('C:\\xampp\\htdocs...')
#8 {main}
CRITICAL - 2020-11-05 19:41:56 --> Undefined variable: title
#0 C:\xampp\htdocs\e-klipingnew\app\Views\global\header.php(12): CodeIgniter\Debug\Exceptions->errorHandler(8, 'Undefined varia...', 'C:\\xampp\\htdocs...', 12, Array)
#1 C:\xampp\htdocs\e-klipingnew\system\View\View.php(246): include('C:\\xampp\\htdocs...')
#2 C:\xampp\htdocs\e-klipingnew\system\Common.php(1119): CodeIgniter\View\View->render('global/header', Array, true)
#3 C:\xampp\htdocs\e-klipingnew\app\Controllers\Dashboard.php(18): view('global/header', Array)
#4 C:\xampp\htdocs\e-klipingnew\system\CodeIgniter.php(918): App\Controllers\Dashboard->index()
#5 C:\xampp\htdocs\e-klipingnew\system\CodeIgniter.php(404): CodeIgniter\CodeIgniter->runController(Object(App\Controllers\Dashboard))
#6 C:\xampp\htdocs\e-klipingnew\system\CodeIgniter.php(312): CodeIgniter\CodeIgniter->handleRequest(NULL, Object(Config\Cache), false)
#7 C:\xampp\htdocs\e-klipingnew\public\index.php(45): CodeIgniter\CodeIgniter->run()
#8 C:\xampp\htdocs\e-klipingnew\system\Commands\Server\rewrite.php(34): require_once('C:\\xampp\\htdocs...')
#9 {main}
CRITICAL - 2020-11-05 19:42:22 --> Undefined variable: session
#0 C:\xampp\htdocs\e-klipingnew\app\Views\global\topbar.php(20): CodeIgniter\Debug\Exceptions->errorHandler(8, 'Undefined varia...', 'C:\\xampp\\htdocs...', 20, Array)
#1 C:\xampp\htdocs\e-klipingnew\system\View\View.php(246): include('C:\\xampp\\htdocs...')
#2 C:\xampp\htdocs\e-klipingnew\system\Common.php(1119): CodeIgniter\View\View->render('global/topbar', Array, true)
#3 C:\xampp\htdocs\e-klipingnew\app\Controllers\Dashboard.php(20): view('global/topbar')
#4 C:\xampp\htdocs\e-klipingnew\system\CodeIgniter.php(918): App\Controllers\Dashboard->index()
#5 C:\xampp\htdocs\e-klipingnew\system\CodeIgniter.php(404): CodeIgniter\CodeIgniter->runController(Object(App\Controllers\Dashboard))
#6 C:\xampp\htdocs\e-klipingnew\system\CodeIgniter.php(312): CodeIgniter\CodeIgniter->handleRequest(NULL, Object(Config\Cache), false)
#7 C:\xampp\htdocs\e-klipingnew\public\index.php(45): CodeIgniter\CodeIgniter->run()
#8 C:\xampp\htdocs\e-klipingnew\system\Commands\Server\rewrite.php(34): require_once('C:\\xampp\\htdocs...')
#9 {main}
CRITICAL - 2020-11-05 19:46:01 --> Object of class CodeIgniter\Session\Session could not be converted to string
#0 C:\xampp\htdocs\e-klipingnew\system\View\View.php(246): include()
#1 C:\xampp\htdocs\e-klipingnew\system\Common.php(1119): CodeIgniter\View\View->render('global/topbar', Array, true)
#2 C:\xampp\htdocs\e-klipingnew\app\Controllers\Dashboard.php(21): view('global/topbar', Array)
#3 C:\xampp\htdocs\e-klipingnew\system\CodeIgniter.php(918): App\Controllers\Dashboard->index()
#4 C:\xampp\htdocs\e-klipingnew\system\CodeIgniter.php(404): CodeIgniter\CodeIgniter->runController(Object(App\Controllers\Dashboard))
#5 C:\xampp\htdocs\e-klipingnew\system\CodeIgniter.php(312): CodeIgniter\CodeIgniter->handleRequest(NULL, Object(Config\Cache), false)
#6 C:\xampp\htdocs\e-klipingnew\public\index.php(45): CodeIgniter\CodeIgniter->run()
#7 C:\xampp\htdocs\e-klipingnew\system\Commands\Server\rewrite.php(34): require_once('C:\\xampp\\htdocs...')
#8 {main}
CRITICAL - 2020-11-05 19:46:23 --> Object of class CodeIgniter\Session\Session could not be converted to string
#0 C:\xampp\htdocs\e-klipingnew\system\View\View.php(246): include()
#1 C:\xampp\htdocs\e-klipingnew\system\Common.php(1119): CodeIgniter\View\View->render('global/topbar', Array, true)
#2 C:\xampp\htdocs\e-klipingnew\app\Controllers\Dashboard.php(21): view('global/topbar', Array)
#3 C:\xampp\htdocs\e-klipingnew\system\CodeIgniter.php(918): App\Controllers\Dashboard->index()
#4 C:\xampp\htdocs\e-klipingnew\system\CodeIgniter.php(404): CodeIgniter\CodeIgniter->runController(Object(App\Controllers\Dashboard))
#5 C:\xampp\htdocs\e-klipingnew\system\CodeIgniter.php(312): CodeIgniter\CodeIgniter->handleRequest(NULL, Object(Config\Cache), false)
#6 C:\xampp\htdocs\e-klipingnew\public\index.php(45): CodeIgniter\CodeIgniter->run()
#7 C:\xampp\htdocs\e-klipingnew\system\Commands\Server\rewrite.php(34): require_once('C:\\xampp\\htdocs...')
#8 {main}
CRITICAL - 2020-11-05 19:47:57 --> Undefined variable: session
#0 C:\xampp\htdocs\e-klipingnew\app\Views\global\topbar.php(20): CodeIgniter\Debug\Exceptions->errorHandler(8, 'Undefined varia...', 'C:\\xampp\\htdocs...', 20, Array)
#1 C:\xampp\htdocs\e-klipingnew\system\View\View.php(246): include('C:\\xampp\\htdocs...')
#2 C:\xampp\htdocs\e-klipingnew\system\Common.php(1119): CodeIgniter\View\View->render('global/topbar', Array, true)
#3 C:\xampp\htdocs\e-klipingnew\app\Controllers\Dashboard.php(20): view('global/topbar')
#4 C:\xampp\htdocs\e-klipingnew\system\CodeIgniter.php(918): App\Controllers\Dashboard->index()
#5 C:\xampp\htdocs\e-klipingnew\system\CodeIgniter.php(404): CodeIgniter\CodeIgniter->runController(Object(App\Controllers\Dashboard))
#6 C:\xampp\htdocs\e-klipingnew\system\CodeIgniter.php(312): CodeIgniter\CodeIgniter->handleRequest(NULL, Object(Config\Cache), false)
#7 C:\xampp\htdocs\e-klipingnew\public\index.php(45): CodeIgniter\CodeIgniter->run()
#8 C:\xampp\htdocs\e-klipingnew\system\Commands\Server\rewrite.php(34): require_once('C:\\xampp\\htdocs...')
#9 {main}
CRITICAL - 2020-11-05 19:48:14 --> Undefined variable: judul
#0 C:\xampp\htdocs\e-klipingnew\app\Views\Home\index.php(5): CodeIgniter\Debug\Exceptions->errorHandler(8, 'Undefined varia...', 'C:\\xampp\\htdocs...', 5, Array)
#1 C:\xampp\htdocs\e-klipingnew\system\View\View.php(246): include('C:\\xampp\\htdocs...')
#2 C:\xampp\htdocs\e-klipingnew\system\Common.php(1119): CodeIgniter\View\View->render('home/index', Array, true)
#3 C:\xampp\htdocs\e-klipingnew\app\Controllers\Dashboard.php(21): view('home/index')
#4 C:\xampp\htdocs\e-klipingnew\system\CodeIgniter.php(918): App\Controllers\Dashboard->index()
#5 C:\xampp\htdocs\e-klipingnew\system\CodeIgniter.php(404): CodeIgniter\CodeIgniter->runController(Object(App\Controllers\Dashboard))
#6 C:\xampp\htdocs\e-klipingnew\system\CodeIgniter.php(312): CodeIgniter\CodeIgniter->handleRequest(NULL, Object(Config\Cache), false)
#7 C:\xampp\htdocs\e-klipingnew\public\index.php(45): CodeIgniter\CodeIgniter->run()
#8 C:\xampp\htdocs\e-klipingnew\system\Commands\Server\rewrite.php(34): require_once('C:\\xampp\\htdocs...')
#9 {main}
CRITICAL - 2020-11-05 19:49:30 --> Undefined variable: tag
#0 C:\xampp\htdocs\e-klipingnew\app\Views\global\topbar.php(20): CodeIgniter\Debug\Exceptions->errorHandler(8, 'Undefined varia...', 'C:\\xampp\\htdocs...', 20, Array)
#1 C:\xampp\htdocs\e-klipingnew\system\View\View.php(246): include('C:\\xampp\\htdocs...')
#2 C:\xampp\htdocs\e-klipingnew\system\Common.php(1119): CodeIgniter\View\View->render('global/topbar', Array, true)
#3 C:\xampp\htdocs\e-klipingnew\app\Controllers\Dashboard.php(21): view('global/topbar', Array)
#4 C:\xampp\htdocs\e-klipingnew\system\CodeIgniter.php(918): App\Controllers\Dashboard->index()
#5 C:\xampp\htdocs\e-klipingnew\system\CodeIgniter.php(404): CodeIgniter\CodeIgniter->runController(Object(App\Controllers\Dashboard))
#6 C:\xampp\htdocs\e-klipingnew\system\CodeIgniter.php(312): CodeIgniter\CodeIgniter->handleRequest(NULL, Object(Config\Cache), false)
#7 C:\xampp\htdocs\e-klipingnew\public\index.php(45): CodeIgniter\CodeIgniter->run()
#8 C:\xampp\htdocs\e-klipingnew\system\Commands\Server\rewrite.php(34): require_once('C:\\xampp\\htdocs...')
#9 {main}
CRITICAL - 2020-11-05 19:50:55 --> Trying to get property 'user_password' of non-object
#0 C:\xampp\htdocs\e-klipingnew\app\Controllers\Profile.php(30): CodeIgniter\Debug\Exceptions->errorHandler(8, 'Trying to get p...', 'C:\\xampp\\htdocs...', 30, Array)
#1 C:\xampp\htdocs\e-klipingnew\system\CodeIgniter.php(918): App\Controllers\Profile->index()
#2 C:\xampp\htdocs\e-klipingnew\system\CodeIgniter.php(404): CodeIgniter\CodeIgniter->runController(Object(App\Controllers\Profile))
#3 C:\xampp\htdocs\e-klipingnew\system\CodeIgniter.php(312): CodeIgniter\CodeIgniter->handleRequest(NULL, Object(Config\Cache), false)
#4 C:\xampp\htdocs\e-klipingnew\public\index.php(45): CodeIgniter\CodeIgniter->run()
#5 C:\xampp\htdocs\e-klipingnew\system\Commands\Server\rewrite.php(34): require_once('C:\\xampp\\htdocs...')
#6 {main}
CRITICAL - 2020-11-05 19:51:27 --> Trying to get property 'user_password' of non-object
#0 C:\xampp\htdocs\e-klipingnew\app\Controllers\Profile.php(30): CodeIgniter\Debug\Exceptions->errorHandler(8, 'Trying to get p...', 'C:\\xampp\\htdocs...', 30, Array)
#1 C:\xampp\htdocs\e-klipingnew\system\CodeIgniter.php(918): App\Controllers\Profile->index()
#2 C:\xampp\htdocs\e-klipingnew\system\CodeIgniter.php(404): CodeIgniter\CodeIgniter->runController(Object(App\Controllers\Profile))
#3 C:\xampp\htdocs\e-klipingnew\system\CodeIgniter.php(312): CodeIgniter\CodeIgniter->handleRequest(NULL, Object(Config\Cache), false)
#4 C:\xampp\htdocs\e-klipingnew\public\index.php(45): CodeIgniter\CodeIgniter->run()
#5 C:\xampp\htdocs\e-klipingnew\system\Commands\Server\rewrite.php(34): require_once('C:\\xampp\\htdocs...')
#6 {main}
CRITICAL - 2020-11-05 19:53:45 --> Undefined variable: username
#0 C:\xampp\htdocs\e-klipingnew\app\Views\global\topbar.php(20): CodeIgniter\Debug\Exceptions->errorHandler(8, 'Undefined varia...', 'C:\\xampp\\htdocs...', 20, Array)
#1 C:\xampp\htdocs\e-klipingnew\system\View\View.php(246): include('C:\\xampp\\htdocs...')
#2 C:\xampp\htdocs\e-klipingnew\system\Common.php(1119): CodeIgniter\View\View->render('global/topbar', Array, true)
#3 C:\xampp\htdocs\e-klipingnew\app\Controllers\Profile.php(33): view('global/topbar', Array)
#4 C:\xampp\htdocs\e-klipingnew\system\CodeIgniter.php(918): App\Controllers\Profile->index()
#5 C:\xampp\htdocs\e-klipingnew\system\CodeIgniter.php(404): CodeIgniter\CodeIgniter->runController(Object(App\Controllers\Profile))
#6 C:\xampp\htdocs\e-klipingnew\system\CodeIgniter.php(312): CodeIgniter\CodeIgniter->handleRequest(NULL, Object(Config\Cache), false)
#7 C:\xampp\htdocs\e-klipingnew\public\index.php(45): CodeIgniter\CodeIgniter->run()
#8 C:\xampp\htdocs\e-klipingnew\system\Commands\Server\rewrite.php(34): require_once('C:\\xampp\\htdocs...')
#9 {main}
CRITICAL - 2020-11-05 19:54:23 --> Undefined variable: nama
#0 C:\xampp\htdocs\e-klipingnew\app\Views\admin\profile.php(34): CodeIgniter\Debug\Exceptions->errorHandler(8, 'Undefined varia...', 'C:\\xampp\\htdocs...', 34, Array)
#1 C:\xampp\htdocs\e-klipingnew\system\View\View.php(246): include('C:\\xampp\\htdocs...')
#2 C:\xampp\htdocs\e-klipingnew\system\Common.php(1119): CodeIgniter\View\View->render('admin/profile', Array, true)
#3 C:\xampp\htdocs\e-klipingnew\app\Controllers\Profile.php(34): view('admin/profile', Array)
#4 C:\xampp\htdocs\e-klipingnew\system\CodeIgniter.php(918): App\Controllers\Profile->index()
#5 C:\xampp\htdocs\e-klipingnew\system\CodeIgniter.php(404): CodeIgniter\CodeIgniter->runController(Object(App\Controllers\Profile))
#6 C:\xampp\htdocs\e-klipingnew\system\CodeIgniter.php(312): CodeIgniter\CodeIgniter->handleRequest(NULL, Object(Config\Cache), false)
#7 C:\xampp\htdocs\e-klipingnew\public\index.php(45): CodeIgniter\CodeIgniter->run()
#8 C:\xampp\htdocs\e-klipingnew\system\Commands\Server\rewrite.php(34): require_once('C:\\xampp\\htdocs...')
#9 {main}
